2020-06-17 15:27:13 Notice: Notice (1024): Undefined property: PagesController::$params in C:\wamp64\www\avvsa\src\Controller\PagesController.php on line 15 in [C:\wamp64\www\avvsa\vendor\cakephp\cakephp\src\Controller\Controller.php, line 311]
Request URL: /
Trace:
Cake\Error\BaseErrorHandler::handleError() - CORE\src\Error\BaseErrorHandler.php, line 188
DebugKit\Plugin::DebugKit\{closure}() - ROOT\vendor\cakephp\debug_kit\src\Plugin.php, line 105
Cake\Controller\Controller::__get() - CORE\src\Controller\Controller.php, line 311
App\Controller\PagesController::beforeFilter() - APP/Controller\PagesController.php, line 15
Cake\Event\EventManager::_callListener() - CORE\src\Event\EventManager.php, line 309
Cake\Event\EventManager::dispatch() - CORE\src\Event\EventManager.php, line 286
Cake\Controller\Controller::dispatchEvent() - CORE\src\Event\EventDispatcherTrait.php, line 92
Cake\Controller\Controller::startupProcess() - CORE\src\Controller\Controller.php, line 565
Cake\Controller\ControllerFactory::invoke() - CORE\src\Controller\ControllerFactory.php, line 72
Cake\Http\BaseApplication::handle() - CORE\src\Http\BaseApplication.php, line 229
Cake\Http\Runner::handle() - CORE\src\Http\Runner.php, line 77
Cake\Http\Runner::handle() - CORE\src\Http\Runner.php, line 77
Cake\Http\Middleware\CsrfProtectionMiddleware::process() - CORE\src\Http\Middleware\CsrfProtectionMiddleware.php, line 137
Cake\Http\Runner::handle() - CORE\src\Http\Runner.php, line 73
Cake\Http\Runner::run() - CORE\src\Http\Runner.php, line 58
Cake\Routing\Middleware\RoutingMiddleware::process() - CORE\src\Routing\Middleware\RoutingMiddleware.php, line 162
Cake\Http\Runner::handle() - CORE\src\Http\Runner.php, line 73
Cake\Routing\Middleware\AssetMiddleware::process() - CORE\src\Routing\Middleware\AssetMiddleware.php, line 68
Cake\Http\Runner::handle() - CORE\src\Http\Runner.php, line 73
Cake\Error\Middleware\ErrorHandlerMiddleware::process() - CORE\src\Error\Middleware\ErrorHandlerMiddleware.php, line 119
Cake\Http\Runner::handle() - CORE\src\Http\Runner.php, line 73
DebugKit\Middleware\DebugKitMiddleware::process() - ROOT\vendor\cakephp\debug_kit\src\Middleware\DebugKitMiddleware.php, line 60
Cake\Http\Runner::handle() - CORE\src\Http\Runner.php, line 73
Cake\Http\Runner::run() - CORE\src\Http\Runner.php, line 58
Cake\Http\Server::run() - CORE\src\Http\Server.php, line 90
[main] - ROOT\webroot\index.php, line 40



2020-06-17 15:40:06 Notice: Notice (8): Undefined variable: data in [C:\wamp64\www\avvsa\src\Controller\AppController.php, line 37]
Request URL: /
Trace:
Cake\Error\BaseErrorHandler::handleError() - CORE\src\Error\BaseErrorHandler.php, line 188
DebugKit\Plugin::DebugKit\{closure}() - ROOT\vendor\cakephp\debug_kit\src\Plugin.php, line 105
App\Controller\AppController::beforeFilter() - APP/Controller\AppController.php, line 37
Cake\Event\EventManager::_callListener() - CORE\src\Event\EventManager.php, line 309
Cake\Event\EventManager::dispatch() - CORE\src\Event\EventManager.php, line 286
Cake\Controller\Controller::dispatchEvent() - CORE\src\Event\EventDispatcherTrait.php, line 92
Cake\Controller\Controller::startupProcess() - CORE\src\Controller\Controller.php, line 565
Cake\Controller\ControllerFactory::invoke() - CORE\src\Controller\ControllerFactory.php, line 72
Cake\Http\BaseApplication::handle() - CORE\src\Http\BaseApplication.php, line 229
Cake\Http\Runner::handle() - CORE\src\Http\Runner.php, line 77
Cake\Http\Runner::handle() - CORE\src\Http\Runner.php, line 77
Cake\Http\Middleware\CsrfProtectionMiddleware::process() - CORE\src\Http\Middleware\CsrfProtectionMiddleware.php, line 137
Cake\Http\Runner::handle() - CORE\src\Http\Runner.php, line 73
Cake\Http\Runner::run() - CORE\src\Http\Runner.php, line 58
Cake\Routing\Middleware\RoutingMiddleware::process() - CORE\src\Routing\Middleware\RoutingMiddleware.php, line 162
Cake\Http\Runner::handle() - CORE\src\Http\Runner.php, line 73
Cake\Routing\Middleware\AssetMiddleware::process() - CORE\src\Routing\Middleware\AssetMiddleware.php, line 68
Cake\Http\Runner::handle() - CORE\src\Http\Runner.php, line 73
Cake\Error\Middleware\ErrorHandlerMiddleware::process() - CORE\src\Error\Middleware\ErrorHandlerMiddleware.php, line 119
Cake\Http\Runner::handle() - CORE\src\Http\Runner.php, line 73
DebugKit\Middleware\DebugKitMiddleware::process() - ROOT\vendor\cakephp\debug_kit\src\Middleware\DebugKitMiddleware.php, line 60
Cake\Http\Runner::handle() - CORE\src\Http\Runner.php, line 73
Cake\Http\Runner::run() - CORE\src\Http\Runner.php, line 58
Cake\Http\Server::run() - CORE\src\Http\Server.php, line 90
[main] - ROOT\webroot\index.php, line 40



2020-06-17 15:40:06 Notice: Notice (8): Undefined variable: data in [C:\wamp64\www\avvsa\src\Controller\AppController.php, line 38]
Request URL: /
Trace:
Cake\Error\BaseErrorHandler::handleError() - CORE\src\Error\BaseErrorHandler.php, line 188
DebugKit\Plugin::DebugKit\{closure}() - ROOT\vendor\cakephp\debug_kit\src\Plugin.php, line 105
App\Controller\AppController::beforeFilter() - APP/Controller\AppController.php, line 38
Cake\Event\EventManager::_callListener() - CORE\src\Event\EventManager.php, line 309
Cake\Event\EventManager::dispatch() - CORE\src\Event\EventManager.php, line 286
Cake\Controller\Controller::dispatchEvent() - CORE\src\Event\EventDispatcherTrait.php, line 92
Cake\Controller\Controller::startupProcess() - CORE\src\Controller\Controller.php, line 565
Cake\Controller\ControllerFactory::invoke() - CORE\src\Controller\ControllerFactory.php, line 72
Cake\Http\BaseApplication::handle() - CORE\src\Http\BaseApplication.php, line 229
Cake\Http\Runner::handle() - CORE\src\Http\Runner.php, line 77
Cake\Http\Runner::handle() - CORE\src\Http\Runner.php, line 77
Cake\Http\Middleware\CsrfProtectionMiddleware::process() - CORE\src\Http\Middleware\CsrfProtectionMiddleware.php, line 137
Cake\Http\Runner::handle() - CORE\src\Http\Runner.php, line 73
Cake\Http\Runner::run() - CORE\src\Http\Runner.php, line 58
Cake\Routing\Middleware\RoutingMiddleware::process() - CORE\src\Routing\Middleware\RoutingMiddleware.php, line 162
Cake\Http\Runner::handle() - CORE\src\Http\Runner.php, line 73
Cake\Routing\Middleware\AssetMiddleware::process() - CORE\src\Routing\Middleware\AssetMiddleware.php, line 68
Cake\Http\Runner::handle() - CORE\src\Http\Runner.php, line 73
Cake\Error\Middleware\ErrorHandlerMiddleware::process() - CORE\src\Error\Middleware\ErrorHandlerMiddleware.php, line 119
Cake\Http\Runner::handle() - CORE\src\Http\Runner.php, line 73
DebugKit\Middleware\DebugKitMiddleware::process() - ROOT\vendor\cakephp\debug_kit\src\Middleware\DebugKitMiddleware.php, line 60
Cake\Http\Runner::handle() - CORE\src\Http\Runner.php, line 73
Cake\Http\Runner::run() - CORE\src\Http\Runner.php, line 58
Cake\Http\Server::run() - CORE\src\Http\Server.php, line 90
[main] - ROOT\webroot\index.php, line 40



2020-06-17 16:05:21 Notice: Notice (1024): Undefined property: PagesController::$Session in C:\wamp64\www\avvsa\src\Controller\PagesController.php on line 16 in [C:\wamp64\www\avvsa\vendor\cakephp\cakephp\src\Controller\Controller.php, line 311]
Request URL: /
Trace:
Cake\Error\BaseErrorHandler::handleError() - CORE\src\Error\BaseErrorHandler.php, line 188
DebugKit\Plugin::DebugKit\{closure}() - ROOT\vendor\cakephp\debug_kit\src\Plugin.php, line 105
Cake\Controller\Controller::__get() - CORE\src\Controller\Controller.php, line 311
App\Controller\PagesController::beforeFilter() - APP/Controller\PagesController.php, line 16
Cake\Event\EventManager::_callListener() - CORE\src\Event\EventManager.php, line 309
Cake\Event\EventManager::dispatch() - CORE\src\Event\EventManager.php, line 286
Cake\Controller\Controller::dispatchEvent() - CORE\src\Event\EventDispatcherTrait.php, line 92
Cake\Controller\Controller::startupProcess() - CORE\src\Controller\Controller.php, line 565
Cake\Controller\ControllerFactory::invoke() - CORE\src\Controller\ControllerFactory.php, line 72
Cake\Http\BaseApplication::handle() - CORE\src\Http\BaseApplication.php, line 229
Cake\Http\Runner::handle() - CORE\src\Http\Runner.php, line 77
Cake\Http\Runner::handle() - CORE\src\Http\Runner.php, line 77
Cake\Http\Middleware\CsrfProtectionMiddleware::process() - CORE\src\Http\Middleware\CsrfProtectionMiddleware.php, line 137
Cake\Http\Runner::handle() - CORE\src\Http\Runner.php, line 73
Cake\Http\Runner::run() - CORE\src\Http\Runner.php, line 58
Cake\Routing\Middleware\RoutingMiddleware::process() - CORE\src\Routing\Middleware\RoutingMiddleware.php, line 162
Cake\Http\Runner::handle() - CORE\src\Http\Runner.php, line 73
Cake\Routing\Middleware\AssetMiddleware::process() - CORE\src\Routing\Middleware\AssetMiddleware.php, line 68
Cake\Http\Runner::handle() - CORE\src\Http\Runner.php, line 73
Cake\Error\Middleware\ErrorHandlerMiddleware::process() - CORE\src\Error\Middleware\ErrorHandlerMiddleware.php, line 119
Cake\Http\Runner::handle() - CORE\src\Http\Runner.php, line 73
DebugKit\Middleware\DebugKitMiddleware::process() - ROOT\vendor\cakephp\debug_kit\src\Middleware\DebugKitMiddleware.php, line 60
Cake\Http\Runner::handle() - CORE\src\Http\Runner.php, line 73
Cake\Http\Runner::run() - CORE\src\Http\Runner.php, line 58
Cake\Http\Server::run() - CORE\src\Http\Server.php, line 90
[main] - ROOT\webroot\index.php, line 40



2020-06-17 16:05:42 Notice: Notice (1024): Undefined property: PagesController::$session in C:\wamp64\www\avvsa\src\Controller\PagesController.php on line 16 in [C:\wamp64\www\avvsa\vendor\cakephp\cakephp\src\Controller\Controller.php, line 311]
Request URL: /
Trace:
Cake\Error\BaseErrorHandler::handleError() - CORE\src\Error\BaseErrorHandler.php, line 188
DebugKit\Plugin::DebugKit\{closure}() - ROOT\vendor\cakephp\debug_kit\src\Plugin.php, line 105
Cake\Controller\Controller::__get() - CORE\src\Controller\Controller.php, line 311
App\Controller\PagesController::beforeFilter() - APP/Controller\PagesController.php, line 16
Cake\Event\EventManager::_callListener() - CORE\src\Event\EventManager.php, line 309
Cake\Event\EventManager::dispatch() - CORE\src\Event\EventManager.php, line 286
Cake\Controller\Controller::dispatchEvent() - CORE\src\Event\EventDispatcherTrait.php, line 92
Cake\Controller\Controller::startupProcess() - CORE\src\Controller\Controller.php, line 565
Cake\Controller\ControllerFactory::invoke() - CORE\src\Controller\ControllerFactory.php, line 72
Cake\Http\BaseApplication::handle() - CORE\src\Http\BaseApplication.php, line 229
Cake\Http\Runner::handle() - CORE\src\Http\Runner.php, line 77
Cake\Http\Runner::handle() - CORE\src\Http\Runner.php, line 77
Cake\Http\Middleware\CsrfProtectionMiddleware::process() - CORE\src\Http\Middleware\CsrfProtectionMiddleware.php, line 137
Cake\Http\Runner::handle() - CORE\src\Http\Runner.php, line 73
Cake\Http\Runner::run() - CORE\src\Http\Runner.php, line 58
Cake\Routing\Middleware\RoutingMiddleware::process() - CORE\src\Routing\Middleware\RoutingMiddleware.php, line 162
Cake\Http\Runner::handle() - CORE\src\Http\Runner.php, line 73
Cake\Routing\Middleware\AssetMiddleware::process() - CORE\src\Routing\Middleware\AssetMiddleware.php, line 68
Cake\Http\Runner::handle() - CORE\src\Http\Runner.php, line 73
Cake\Error\Middleware\ErrorHandlerMiddleware::process() - CORE\src\Error\Middleware\ErrorHandlerMiddleware.php, line 119
Cake\Http\Runner::handle() - CORE\src\Http\Runner.php, line 73
DebugKit\Middleware\DebugKitMiddleware::process() - ROOT\vendor\cakephp\debug_kit\src\Middleware\DebugKitMiddleware.php, line 60
Cake\Http\Runner::handle() - CORE\src\Http\Runner.php, line 73
Cake\Http\Runner::run() - CORE\src\Http\Runner.php, line 58
Cake\Http\Server::run() - CORE\src\Http\Server.php, line 90
[main] - ROOT\webroot\index.php, line 40



2020-06-17 16:10:01 Notice: Notice (1024): Undefined property: PagesController::$session in C:\wamp64\www\avvsa\src\Controller\PagesController.php on line 16 in [C:\wamp64\www\avvsa\vendor\cakephp\cakephp\src\Controller\Controller.php, line 311]
Request URL: /
Trace:
Cake\Error\BaseErrorHandler::handleError() - CORE\src\Error\BaseErrorHandler.php, line 188
DebugKit\Plugin::DebugKit\{closure}() - ROOT\vendor\cakephp\debug_kit\src\Plugin.php, line 105
Cake\Controller\Controller::__get() - CORE\src\Controller\Controller.php, line 311
App\Controller\PagesController::beforeFilter() - APP/Controller\PagesController.php, line 16
Cake\Event\EventManager::_callListener() - CORE\src\Event\EventManager.php, line 309
Cake\Event\EventManager::dispatch() - CORE\src\Event\EventManager.php, line 286
Cake\Controller\Controller::dispatchEvent() - CORE\src\Event\EventDispatcherTrait.php, line 92
Cake\Controller\Controller::startupProcess() - CORE\src\Controller\Controller.php, line 565
Cake\Controller\ControllerFactory::invoke() - CORE\src\Controller\ControllerFactory.php, line 72
Cake\Http\BaseApplication::handle() - CORE\src\Http\BaseApplication.php, line 229
Cake\Http\Runner::handle() - CORE\src\Http\Runner.php, line 77
Cake\Http\Runner::handle() - CORE\src\Http\Runner.php, line 77
Cake\Http\Middleware\CsrfProtectionMiddleware::process() - CORE\src\Http\Middleware\CsrfProtectionMiddleware.php, line 137
Cake\Http\Runner::handle() - CORE\src\Http\Runner.php, line 73
Cake\Http\Runner::run() - CORE\src\Http\Runner.php, line 58
Cake\Routing\Middleware\RoutingMiddleware::process() - CORE\src\Routing\Middleware\RoutingMiddleware.php, line 162
Cake\Http\Runner::handle() - CORE\src\Http\Runner.php, line 73
Cake\Routing\Middleware\AssetMiddleware::process() - CORE\src\Routing\Middleware\AssetMiddleware.php, line 68
Cake\Http\Runner::handle() - CORE\src\Http\Runner.php, line 73
Cake\Error\Middleware\ErrorHandlerMiddleware::process() - CORE\src\Error\Middleware\ErrorHandlerMiddleware.php, line 119
Cake\Http\Runner::handle() - CORE\src\Http\Runner.php, line 73
DebugKit\Middleware\DebugKitMiddleware::process() - ROOT\vendor\cakephp\debug_kit\src\Middleware\DebugKitMiddleware.php, line 60
Cake\Http\Runner::handle() - CORE\src\Http\Runner.php, line 73
Cake\Http\Runner::run() - CORE\src\Http\Runner.php, line 58
Cake\Http\Server::run() - CORE\src\Http\Server.php, line 90
[main] - ROOT\webroot\index.php, line 40



2020-06-17 16:10:16 Notice: Notice (1024): Undefined property: PagesController::$Session in C:\wamp64\www\avvsa\src\Controller\PagesController.php on line 16 in [C:\wamp64\www\avvsa\vendor\cakephp\cakephp\src\Controller\Controller.php, line 311]
Request URL: /
Trace:
Cake\Error\BaseErrorHandler::handleError() - CORE\src\Error\BaseErrorHandler.php, line 188
DebugKit\Plugin::DebugKit\{closure}() - ROOT\vendor\cakephp\debug_kit\src\Plugin.php, line 105
Cake\Controller\Controller::__get() - CORE\src\Controller\Controller.php, line 311
App\Controller\PagesController::beforeFilter() - APP/Controller\PagesController.php, line 16
Cake\Event\EventManager::_callListener() - CORE\src\Event\EventManager.php, line 309
Cake\Event\EventManager::dispatch() - CORE\src\Event\EventManager.php, line 286
Cake\Controller\Controller::dispatchEvent() - CORE\src\Event\EventDispatcherTrait.php, line 92
Cake\Controller\Controller::startupProcess() - CORE\src\Controller\Controller.php, line 565
Cake\Controller\ControllerFactory::invoke() - CORE\src\Controller\ControllerFactory.php, line 72
Cake\Http\BaseApplication::handle() - CORE\src\Http\BaseApplication.php, line 229
Cake\Http\Runner::handle() - CORE\src\Http\Runner.php, line 77
Cake\Http\Runner::handle() - CORE\src\Http\Runner.php, line 77
Cake\Http\Middleware\CsrfProtectionMiddleware::process() - CORE\src\Http\Middleware\CsrfProtectionMiddleware.php, line 137
Cake\Http\Runner::handle() - CORE\src\Http\Runner.php, line 73
Cake\Http\Runner::run() - CORE\src\Http\Runner.php, line 58
Cake\Routing\Middleware\RoutingMiddleware::process() - CORE\src\Routing\Middleware\RoutingMiddleware.php, line 162
Cake\Http\Runner::handle() - CORE\src\Http\Runner.php, line 73
Cake\Routing\Middleware\AssetMiddleware::process() - CORE\src\Routing\Middleware\AssetMiddleware.php, line 68
Cake\Http\Runner::handle() - CORE\src\Http\Runner.php, line 73
Cake\Error\Middleware\ErrorHandlerMiddleware::process() - CORE\src\Error\Middleware\ErrorHandlerMiddleware.php, line 119
Cake\Http\Runner::handle() - CORE\src\Http\Runner.php, line 73
DebugKit\Middleware\DebugKitMiddleware::process() - ROOT\vendor\cakephp\debug_kit\src\Middleware\DebugKitMiddleware.php, line 60
Cake\Http\Runner::handle() - CORE\src\Http\Runner.php, line 73
Cake\Http\Runner::run() - CORE\src\Http\Runner.php, line 58
Cake\Http\Server::run() - CORE\src\Http\Server.php, line 90
[main] - ROOT\webroot\index.php, line 40



2020-06-17 20:06:48 Notice: Notice (1024): Undefined property: EdadController::$Vinas in C:\wamp64\www\avvsa\src\Controller\EdadController.php on line 35 in [C:\wamp64\www\avvsa\vendor\cakephp\cakephp\src\Controller\Controller.php, line 311]
Request URL: /edad/vinas
Trace:
Cake\Error\BaseErrorHandler::handleError() - CORE\src\Error\BaseErrorHandler.php, line 188
DebugKit\Plugin::DebugKit\{closure}() - ROOT\vendor\cakephp\debug_kit\src\Plugin.php, line 105
Cake\Controller\Controller::__get() - CORE\src\Controller\Controller.php, line 311
App\Controller\EdadController::vinas() - APP/Controller\EdadController.php, line 35
Cake\Controller\Controller::invokeAction() - CORE\src\Controller\Controller.php, line 521
Cake\Controller\ControllerFactory::invoke() - CORE\src\Controller\ControllerFactory.php, line 79
Cake\Http\BaseApplication::handle() - CORE\src\Http\BaseApplication.php, line 229
Cake\Http\Runner::handle() - CORE\src\Http\Runner.php, line 77
Cake\Http\Runner::handle() - CORE\src\Http\Runner.php, line 77
Cake\Http\Middleware\CsrfProtectionMiddleware::process() - CORE\src\Http\Middleware\CsrfProtectionMiddleware.php, line 137
Cake\Http\Runner::handle() - CORE\src\Http\Runner.php, line 73
Cake\Http\Runner::run() - CORE\src\Http\Runner.php, line 58
Cake\Routing\Middleware\RoutingMiddleware::process() - CORE\src\Routing\Middleware\RoutingMiddleware.php, line 162
Cake\Http\Runner::handle() - CORE\src\Http\Runner.php, line 73
Cake\Routing\Middleware\AssetMiddleware::process() - CORE\src\Routing\Middleware\AssetMiddleware.php, line 68
Cake\Http\Runner::handle() - CORE\src\Http\Runner.php, line 73
Cake\Error\Middleware\ErrorHandlerMiddleware::process() - CORE\src\Error\Middleware\ErrorHandlerMiddleware.php, line 119
Cake\Http\Runner::handle() - CORE\src\Http\Runner.php, line 73
DebugKit\Middleware\DebugKitMiddleware::process() - ROOT\vendor\cakephp\debug_kit\src\Middleware\DebugKitMiddleware.php, line 60
Cake\Http\Runner::handle() - CORE\src\Http\Runner.php, line 73
Cake\Http\Runner::run() - CORE\src\Http\Runner.php, line 58
Cake\Http\Server::run() - CORE\src\Http\Server.php, line 90
[main] - ROOT\webroot\index.php, line 40



2020-06-17 20:07:43 Notice: Notice (1024): Undefined property: EdadController::$Vinas in C:\wamp64\www\avvsa\src\Controller\EdadController.php on line 35 in [C:\wamp64\www\avvsa\vendor\cakephp\cakephp\src\Controller\Controller.php, line 311]
Request URL: /edad/vinas
Trace:
Cake\Error\BaseErrorHandler::handleError() - CORE\src\Error\BaseErrorHandler.php, line 188
DebugKit\Plugin::DebugKit\{closure}() - ROOT\vendor\cakephp\debug_kit\src\Plugin.php, line 105
Cake\Controller\Controller::__get() - CORE\src\Controller\Controller.php, line 311
App\Controller\EdadController::vinas() - APP/Controller\EdadController.php, line 35
Cake\Controller\Controller::invokeAction() - CORE\src\Controller\Controller.php, line 521
Cake\Controller\ControllerFactory::invoke() - CORE\src\Controller\ControllerFactory.php, line 79
Cake\Http\BaseApplication::handle() - CORE\src\Http\BaseApplication.php, line 229
Cake\Http\Runner::handle() - CORE\src\Http\Runner.php, line 77
Cake\Http\Runner::handle() - CORE\src\Http\Runner.php, line 77
Cake\Http\Middleware\CsrfProtectionMiddleware::process() - CORE\src\Http\Middleware\CsrfProtectionMiddleware.php, line 137
Cake\Http\Runner::handle() - CORE\src\Http\Runner.php, line 73
Cake\Http\Runner::run() - CORE\src\Http\Runner.php, line 58
Cake\Routing\Middleware\RoutingMiddleware::process() - CORE\src\Routing\Middleware\RoutingMiddleware.php, line 162
Cake\Http\Runner::handle() - CORE\src\Http\Runner.php, line 73
Cake\Routing\Middleware\AssetMiddleware::process() - CORE\src\Routing\Middleware\AssetMiddleware.php, line 68
Cake\Http\Runner::handle() - CORE\src\Http\Runner.php, line 73
Cake\Error\Middleware\ErrorHandlerMiddleware::process() - CORE\src\Error\Middleware\ErrorHandlerMiddleware.php, line 119
Cake\Http\Runner::handle() - CORE\src\Http\Runner.php, line 73
DebugKit\Middleware\DebugKitMiddleware::process() - ROOT\vendor\cakephp\debug_kit\src\Middleware\DebugKitMiddleware.php, line 60
Cake\Http\Runner::handle() - CORE\src\Http\Runner.php, line 73
Cake\Http\Runner::run() - CORE\src\Http\Runner.php, line 58
Cake\Http\Server::run() - CORE\src\Http\Server.php, line 90
[main] - ROOT\webroot\index.php, line 40



2020-06-17 20:08:08 Notice: Notice (1024): Undefined property: EdadController::$Vinas in C:\wamp64\www\avvsa\src\Controller\EdadController.php on line 35 in [C:\wamp64\www\avvsa\vendor\cakephp\cakephp\src\Controller\Controller.php, line 311]
Request URL: /edad/vinas
Trace:
Cake\Error\BaseErrorHandler::handleError() - CORE\src\Error\BaseErrorHandler.php, line 188
DebugKit\Plugin::DebugKit\{closure}() - ROOT\vendor\cakephp\debug_kit\src\Plugin.php, line 105
Cake\Controller\Controller::__get() - CORE\src\Controller\Controller.php, line 311
App\Controller\EdadController::vinas() - APP/Controller\EdadController.php, line 35
Cake\Controller\Controller::invokeAction() - CORE\src\Controller\Controller.php, line 521
Cake\Controller\ControllerFactory::invoke() - CORE\src\Controller\ControllerFactory.php, line 79
Cake\Http\BaseApplication::handle() - CORE\src\Http\BaseApplication.php, line 229
Cake\Http\Runner::handle() - CORE\src\Http\Runner.php, line 77
Cake\Http\Runner::handle() - CORE\src\Http\Runner.php, line 77
Cake\Http\Middleware\CsrfProtectionMiddleware::process() - CORE\src\Http\Middleware\CsrfProtectionMiddleware.php, line 137
Cake\Http\Runner::handle() - CORE\src\Http\Runner.php, line 73
Cake\Http\Runner::run() - CORE\src\Http\Runner.php, line 58
Cake\Routing\Middleware\RoutingMiddleware::process() - CORE\src\Routing\Middleware\RoutingMiddleware.php, line 162
Cake\Http\Runner::handle() - CORE\src\Http\Runner.php, line 73
Cake\Routing\Middleware\AssetMiddleware::process() - CORE\src\Routing\Middleware\AssetMiddleware.php, line 68
Cake\Http\Runner::handle() - CORE\src\Http\Runner.php, line 73
Cake\Error\Middleware\ErrorHandlerMiddleware::process() - CORE\src\Error\Middleware\ErrorHandlerMiddleware.php, line 119
Cake\Http\Runner::handle() - CORE\src\Http\Runner.php, line 73
DebugKit\Middleware\DebugKitMiddleware::process() - ROOT\vendor\cakephp\debug_kit\src\Middleware\DebugKitMiddleware.php, line 60
Cake\Http\Runner::handle() - CORE\src\Http\Runner.php, line 73
Cake\Http\Runner::run() - CORE\src\Http\Runner.php, line 58
Cake\Http\Server::run() - CORE\src\Http\Server.php, line 90
[main] - ROOT\webroot\index.php, line 40



2020-06-17 20:09:05 Notice: Notice (1024): Undefined property: EdadController::$Vinas in C:\wamp64\www\avvsa\src\Controller\EdadController.php on line 35 in [C:\wamp64\www\avvsa\vendor\cakephp\cakephp\src\Controller\Controller.php, line 311]
Request URL: /edad/vinas
Trace:
Cake\Error\BaseErrorHandler::handleError() - CORE\src\Error\BaseErrorHandler.php, line 188
DebugKit\Plugin::DebugKit\{closure}() - ROOT\vendor\cakephp\debug_kit\src\Plugin.php, line 105
Cake\Controller\Controller::__get() - CORE\src\Controller\Controller.php, line 311
App\Controller\EdadController::vinas() - APP/Controller\EdadController.php, line 35
Cake\Controller\Controller::invokeAction() - CORE\src\Controller\Controller.php, line 521
Cake\Controller\ControllerFactory::invoke() - CORE\src\Controller\ControllerFactory.php, line 79
Cake\Http\BaseApplication::handle() - CORE\src\Http\BaseApplication.php, line 229
Cake\Http\Runner::handle() - CORE\src\Http\Runner.php, line 77
Cake\Http\Runner::handle() - CORE\src\Http\Runner.php, line 77
Cake\Http\Middleware\CsrfProtectionMiddleware::process() - CORE\src\Http\Middleware\CsrfProtectionMiddleware.php, line 137
Cake\Http\Runner::handle() - CORE\src\Http\Runner.php, line 73
Cake\Http\Runner::run() - CORE\src\Http\Runner.php, line 58
Cake\Routing\Middleware\RoutingMiddleware::process() - CORE\src\Routing\Middleware\RoutingMiddleware.php, line 162
Cake\Http\Runner::handle() - CORE\src\Http\Runner.php, line 73
Cake\Routing\Middleware\AssetMiddleware::process() - CORE\src\Routing\Middleware\AssetMiddleware.php, line 68
Cake\Http\Runner::handle() - CORE\src\Http\Runner.php, line 73
Cake\Error\Middleware\ErrorHandlerMiddleware::process() - CORE\src\Error\Middleware\ErrorHandlerMiddleware.php, line 119
Cake\Http\Runner::handle() - CORE\src\Http\Runner.php, line 73
DebugKit\Middleware\DebugKitMiddleware::process() - ROOT\vendor\cakephp\debug_kit\src\Middleware\DebugKitMiddleware.php, line 60
Cake\Http\Runner::handle() - CORE\src\Http\Runner.php, line 73
Cake\Http\Runner::run() - CORE\src\Http\Runner.php, line 58
Cake\Http\Server::run() - CORE\src\Http\Server.php, line 90
[main] - ROOT\webroot\index.php, line 40



2020-06-17 20:27:23 Notice: Notice (1024): Undefined property: EdadController::$articles in C:\wamp64\www\avvsa\src\Controller\EdadController.php on line 35 in [C:\wamp64\www\avvsa\vendor\cakephp\cakephp\src\Controller\Controller.php, line 311]
Request URL: /edad/vinas
Trace:
Cake\Error\BaseErrorHandler::handleError() - CORE\src\Error\BaseErrorHandler.php, line 188
DebugKit\Plugin::DebugKit\{closure}() - ROOT\vendor\cakephp\debug_kit\src\Plugin.php, line 105
Cake\Controller\Controller::__get() - CORE\src\Controller\Controller.php, line 311
App\Controller\EdadController::vinas() - APP/Controller\EdadController.php, line 35
Cake\Controller\Controller::invokeAction() - CORE\src\Controller\Controller.php, line 521
Cake\Controller\ControllerFactory::invoke() - CORE\src\Controller\ControllerFactory.php, line 79
Cake\Http\BaseApplication::handle() - CORE\src\Http\BaseApplication.php, line 229
Cake\Http\Runner::handle() - CORE\src\Http\Runner.php, line 77
Cake\Http\Runner::handle() - CORE\src\Http\Runner.php, line 77
Cake\Http\Middleware\CsrfProtectionMiddleware::process() - CORE\src\Http\Middleware\CsrfProtectionMiddleware.php, line 137
Cake\Http\Runner::handle() - CORE\src\Http\Runner.php, line 73
Cake\Http\Runner::run() - CORE\src\Http\Runner.php, line 58
Cake\Routing\Middleware\RoutingMiddleware::process() - CORE\src\Routing\Middleware\RoutingMiddleware.php, line 162
Cake\Http\Runner::handle() - CORE\src\Http\Runner.php, line 73
Cake\Routing\Middleware\AssetMiddleware::process() - CORE\src\Routing\Middleware\AssetMiddleware.php, line 68
Cake\Http\Runner::handle() - CORE\src\Http\Runner.php, line 73
Cake\Error\Middleware\ErrorHandlerMiddleware::process() - CORE\src\Error\Middleware\ErrorHandlerMiddleware.php, line 119
Cake\Http\Runner::handle() - CORE\src\Http\Runner.php, line 73
DebugKit\Middleware\DebugKitMiddleware::process() - ROOT\vendor\cakephp\debug_kit\src\Middleware\DebugKitMiddleware.php, line 60
Cake\Http\Runner::handle() - CORE\src\Http\Runner.php, line 73
Cake\Http\Runner::run() - CORE\src\Http\Runner.php, line 58
Cake\Http\Server::run() - CORE\src\Http\Server.php, line 90
[main] - ROOT\webroot\index.php, line 40



2020-06-17 20:27:31 Notice: Notice (1024): Undefined property: EdadController::$articles in C:\wamp64\www\avvsa\src\Controller\EdadController.php on line 35 in [C:\wamp64\www\avvsa\vendor\cakephp\cakephp\src\Controller\Controller.php, line 311]
Request URL: /edad/vinas
Trace:
Cake\Error\BaseErrorHandler::handleError() - CORE\src\Error\BaseErrorHandler.php, line 188
DebugKit\Plugin::DebugKit\{closure}() - ROOT\vendor\cakephp\debug_kit\src\Plugin.php, line 105
Cake\Controller\Controller::__get() - CORE\src\Controller\Controller.php, line 311
App\Controller\EdadController::vinas() - APP/Controller\EdadController.php, line 35
Cake\Controller\Controller::invokeAction() - CORE\src\Controller\Controller.php, line 521
Cake\Controller\ControllerFactory::invoke() - CORE\src\Controller\ControllerFactory.php, line 79
Cake\Http\BaseApplication::handle() - CORE\src\Http\BaseApplication.php, line 229
Cake\Http\Runner::handle() - CORE\src\Http\Runner.php, line 77
Cake\Http\Runner::handle() - CORE\src\Http\Runner.php, line 77
Cake\Http\Middleware\CsrfProtectionMiddleware::process() - CORE\src\Http\Middleware\CsrfProtectionMiddleware.php, line 137
Cake\Http\Runner::handle() - CORE\src\Http\Runner.php, line 73
Cake\Http\Runner::run() - CORE\src\Http\Runner.php, line 58
Cake\Routing\Middleware\RoutingMiddleware::process() - CORE\src\Routing\Middleware\RoutingMiddleware.php, line 162
Cake\Http\Runner::handle() - CORE\src\Http\Runner.php, line 73
Cake\Routing\Middleware\AssetMiddleware::process() - CORE\src\Routing\Middleware\AssetMiddleware.php, line 68
Cake\Http\Runner::handle() - CORE\src\Http\Runner.php, line 73
Cake\Error\Middleware\ErrorHandlerMiddleware::process() - CORE\src\Error\Middleware\ErrorHandlerMiddleware.php, line 119
Cake\Http\Runner::handle() - CORE\src\Http\Runner.php, line 73
DebugKit\Middleware\DebugKitMiddleware::process() - ROOT\vendor\cakephp\debug_kit\src\Middleware\DebugKitMiddleware.php, line 60
Cake\Http\Runner::handle() - CORE\src\Http\Runner.php, line 73
Cake\Http\Runner::run() - CORE\src\Http\Runner.php, line 58
Cake\Http\Server::run() - CORE\src\Http\Server.php, line 90
[main] - ROOT\webroot\index.php, line 40



2020-06-17 20:28:37 Notice: Notice (1024): Undefined property: EdadController::$Vinas in C:\wamp64\www\avvsa\src\Controller\EdadController.php on line 35 in [C:\wamp64\www\avvsa\vendor\cakephp\cakephp\src\Controller\Controller.php, line 311]
Request URL: /edad/vinas
Trace:
Cake\Error\BaseErrorHandler::handleError() - CORE\src\Error\BaseErrorHandler.php, line 188
DebugKit\Plugin::DebugKit\{closure}() - ROOT\vendor\cakephp\debug_kit\src\Plugin.php, line 105
Cake\Controller\Controller::__get() - CORE\src\Controller\Controller.php, line 311
App\Controller\EdadController::vinas() - APP/Controller\EdadController.php, line 35
Cake\Controller\Controller::invokeAction() - CORE\src\Controller\Controller.php, line 521
Cake\Controller\ControllerFactory::invoke() - CORE\src\Controller\ControllerFactory.php, line 79
Cake\Http\BaseApplication::handle() - CORE\src\Http\BaseApplication.php, line 229
Cake\Http\Runner::handle() - CORE\src\Http\Runner.php, line 77
Cake\Http\Runner::handle() - CORE\src\Http\Runner.php, line 77
Cake\Http\Middleware\CsrfProtectionMiddleware::process() - CORE\src\Http\Middleware\CsrfProtectionMiddleware.php, line 137
Cake\Http\Runner::handle() - CORE\src\Http\Runner.php, line 73
Cake\Http\Runner::run() - CORE\src\Http\Runner.php, line 58
Cake\Routing\Middleware\RoutingMiddleware::process() - CORE\src\Routing\Middleware\RoutingMiddleware.php, line 162
Cake\Http\Runner::handle() - CORE\src\Http\Runner.php, line 73
Cake\Routing\Middleware\AssetMiddleware::process() - CORE\src\Routing\Middleware\AssetMiddleware.php, line 68
Cake\Http\Runner::handle() - CORE\src\Http\Runner.php, line 73
Cake\Error\Middleware\ErrorHandlerMiddleware::process() - CORE\src\Error\Middleware\ErrorHandlerMiddleware.php, line 119
Cake\Http\Runner::handle() - CORE\src\Http\Runner.php, line 73
DebugKit\Middleware\DebugKitMiddleware::process() - ROOT\vendor\cakephp\debug_kit\src\Middleware\DebugKitMiddleware.php, line 60
Cake\Http\Runner::handle() - CORE\src\Http\Runner.php, line 73
Cake\Http\Runner::run() - CORE\src\Http\Runner.php, line 58
Cake\Http\Server::run() - CORE\src\Http\Server.php, line 90
[main] - ROOT\webroot\index.php, line 40



2020-06-17 20:28:56 Notice: Notice (1024): Undefined property: EdadController::$ in C:\wamp64\www\avvsa\src\Controller\EdadController.php on line 35 in [C:\wamp64\www\avvsa\vendor\cakephp\cakephp\src\Controller\Controller.php, line 311]
Request URL: /edad/vinas
Trace:
Cake\Error\BaseErrorHandler::handleError() - CORE\src\Error\BaseErrorHandler.php, line 188
DebugKit\Plugin::DebugKit\{closure}() - ROOT\vendor\cakephp\debug_kit\src\Plugin.php, line 105
Cake\Controller\Controller::__get() - CORE\src\Controller\Controller.php, line 311
App\Controller\EdadController::vinas() - APP/Controller\EdadController.php, line 35
Cake\Controller\Controller::invokeAction() - CORE\src\Controller\Controller.php, line 521
Cake\Controller\ControllerFactory::invoke() - CORE\src\Controller\ControllerFactory.php, line 79
Cake\Http\BaseApplication::handle() - CORE\src\Http\BaseApplication.php, line 229
Cake\Http\Runner::handle() - CORE\src\Http\Runner.php, line 77
Cake\Http\Runner::handle() - CORE\src\Http\Runner.php, line 77
Cake\Http\Middleware\CsrfProtectionMiddleware::process() - CORE\src\Http\Middleware\CsrfProtectionMiddleware.php, line 137
Cake\Http\Runner::handle() - CORE\src\Http\Runner.php, line 73
Cake\Http\Runner::run() - CORE\src\Http\Runner.php, line 58
Cake\Routing\Middleware\RoutingMiddleware::process() - CORE\src\Routing\Middleware\RoutingMiddleware.php, line 162
Cake\Http\Runner::handle() - CORE\src\Http\Runner.php, line 73
Cake\Routing\Middleware\AssetMiddleware::process() - CORE\src\Routing\Middleware\AssetMiddleware.php, line 68
Cake\Http\Runner::handle() - CORE\src\Http\Runner.php, line 73
Cake\Error\Middleware\ErrorHandlerMiddleware::process() - CORE\src\Error\Middleware\ErrorHandlerMiddleware.php, line 119
Cake\Http\Runner::handle() - CORE\src\Http\Runner.php, line 73
DebugKit\Middleware\DebugKitMiddleware::process() - ROOT\vendor\cakephp\debug_kit\src\Middleware\DebugKitMiddleware.php, line 60
Cake\Http\Runner::handle() - CORE\src\Http\Runner.php, line 73
Cake\Http\Runner::run() - CORE\src\Http\Runner.php, line 58
Cake\Http\Server::run() - CORE\src\Http\Server.php, line 90
[main] - ROOT\webroot\index.php, line 40



2020-06-17 21:09:48 Notice: Notice (8): Undefined variable: info in [C:\wamp64\www\avvsa\src\Controller\ContenidosController.php, line 93]
Request URL: /contenidos/asociarse-avvsa
Referer URL: http://localhost/avvsa/contenidos/vinas
Trace:
Cake\Error\BaseErrorHandler::handleError() - CORE\src\Error\BaseErrorHandler.php, line 188
DebugKit\Plugin::DebugKit\{closure}() - ROOT\vendor\cakephp\debug_kit\src\Plugin.php, line 105
App\Controller\ContenidosController::asociarseAvvsa() - APP/Controller\ContenidosController.php, line 93
Cake\Controller\Controller::invokeAction() - CORE\src\Controller\Controller.php, line 521
Cake\Controller\ControllerFactory::invoke() - CORE\src\Controller\ControllerFactory.php, line 79
Cake\Http\BaseApplication::handle() - CORE\src\Http\BaseApplication.php, line 229
Cake\Http\Runner::handle() - CORE\src\Http\Runner.php, line 77
Cake\Http\Runner::handle() - CORE\src\Http\Runner.php, line 77
Cake\Http\Middleware\CsrfProtectionMiddleware::process() - CORE\src\Http\Middleware\CsrfProtectionMiddleware.php, line 137
Cake\Http\Runner::handle() - CORE\src\Http\Runner.php, line 73
Cake\Http\Runner::run() - CORE\src\Http\Runner.php, line 58
Cake\Routing\Middleware\RoutingMiddleware::process() - CORE\src\Routing\Middleware\RoutingMiddleware.php, line 162
Cake\Http\Runner::handle() - CORE\src\Http\Runner.php, line 73
Cake\Routing\Middleware\AssetMiddleware::process() - CORE\src\Routing\Middleware\AssetMiddleware.php, line 68
Cake\Http\Runner::handle() - CORE\src\Http\Runner.php, line 73
Cake\Error\Middleware\ErrorHandlerMiddleware::process() - CORE\src\Error\Middleware\ErrorHandlerMiddleware.php, line 119
Cake\Http\Runner::handle() - CORE\src\Http\Runner.php, line 73
DebugKit\Middleware\DebugKitMiddleware::process() - ROOT\vendor\cakephp\debug_kit\src\Middleware\DebugKitMiddleware.php, line 60
Cake\Http\Runner::handle() - CORE\src\Http\Runner.php, line 73
Cake\Http\Runner::run() - CORE\src\Http\Runner.php, line 58
Cake\Http\Server::run() - CORE\src\Http\Server.php, line 90
[main] - ROOT\webroot\index.php, line 40



2020-06-17 21:26:16 Notice: Notice (8): Undefined variable: land in [C:\wamp64\www\avvsa\templates\Contenidos\asociarse_avvsa.php, line 7]
Request URL: /contenidos/asociarse-avvsa
Referer URL: http://localhost/avvsa/contenidos/vinas
Trace:
Cake\Error\BaseErrorHandler::handleError() - CORE\src\Error\BaseErrorHandler.php, line 188
DebugKit\Plugin::DebugKit\{closure}() - ROOT\vendor\cakephp\debug_kit\src\Plugin.php, line 105
include - ROOT\templates\Contenidos\asociarse_avvsa.php, line 7
Cake\View\View::_evaluate() - CORE\src\View\View.php, line 1160
Cake\View\View::_render() - CORE\src\View\View.php, line 1121
Cake\View\View::render() - CORE\src\View\View.php, line 751
Cake\Controller\Controller::render() - CORE\src\Controller\Controller.php, line 688
Cake\Controller\Controller::invokeAction() - CORE\src\Controller\Controller.php, line 530
Cake\Controller\ControllerFactory::invoke() - CORE\src\Controller\ControllerFactory.php, line 79
Cake\Http\BaseApplication::handle() - CORE\src\Http\BaseApplication.php, line 229
Cake\Http\Runner::handle() - CORE\src\Http\Runner.php, line 77
Cake\Http\Runner::handle() - CORE\src\Http\Runner.php, line 77
Cake\Http\Middleware\CsrfProtectionMiddleware::process() - CORE\src\Http\Middleware\CsrfProtectionMiddleware.php, line 137
Cake\Http\Runner::handle() - CORE\src\Http\Runner.php, line 73
Cake\Http\Runner::run() - CORE\src\Http\Runner.php, line 58
Cake\Routing\Middleware\RoutingMiddleware::process() - CORE\src\Routing\Middleware\RoutingMiddleware.php, line 162
Cake\Http\Runner::handle() - CORE\src\Http\Runner.php, line 73
Cake\Routing\Middleware\AssetMiddleware::process() - CORE\src\Routing\Middleware\AssetMiddleware.php, line 68
Cake\Http\Runner::handle() - CORE\src\Http\Runner.php, line 73
Cake\Error\Middleware\ErrorHandlerMiddleware::process() - CORE\src\Error\Middleware\ErrorHandlerMiddleware.php, line 119
Cake\Http\Runner::handle() - CORE\src\Http\Runner.php, line 73
DebugKit\Middleware\DebugKitMiddleware::process() - ROOT\vendor\cakephp\debug_kit\src\Middleware\DebugKitMiddleware.php, line 60
Cake\Http\Runner::handle() - CORE\src\Http\Runner.php, line 73
Cake\Http\Runner::run() - CORE\src\Http\Runner.php, line 58
Cake\Http\Server::run() - CORE\src\Http\Server.php, line 90
[main] - ROOT\webroot\index.php, line 40



2020-06-17 21:26:16 Notice: Notice (8): Undefined variable: land in [C:\wamp64\www\avvsa\templates\Contenidos\asociarse_avvsa.php, line 7]
Request URL: /contenidos/asociarse-avvsa
Referer URL: http://localhost/avvsa/contenidos/vinas
Trace:
Cake\Error\BaseErrorHandler::handleError() - CORE\src\Error\BaseErrorHandler.php, line 188
DebugKit\Plugin::DebugKit\{closure}() - ROOT\vendor\cakephp\debug_kit\src\Plugin.php, line 105
include - ROOT\templates\Contenidos\asociarse_avvsa.php, line 7
Cake\View\View::_evaluate() - CORE\src\View\View.php, line 1160
Cake\View\View::_render() - CORE\src\View\View.php, line 1121
Cake\View\View::render() - CORE\src\View\View.php, line 751
Cake\Controller\Controller::render() - CORE\src\Controller\Controller.php, line 688
Cake\Controller\Controller::invokeAction() - CORE\src\Controller\Controller.php, line 530
Cake\Controller\ControllerFactory::invoke() - CORE\src\Controller\ControllerFactory.php, line 79
Cake\Http\BaseApplication::handle() - CORE\src\Http\BaseApplication.php, line 229
Cake\Http\Runner::handle() - CORE\src\Http\Runner.php, line 77
Cake\Http\Runner::handle() - CORE\src\Http\Runner.php, line 77
Cake\Http\Middleware\CsrfProtectionMiddleware::process() - CORE\src\Http\Middleware\CsrfProtectionMiddleware.php, line 137
Cake\Http\Runner::handle() - CORE\src\Http\Runner.php, line 73
Cake\Http\Runner::run() - CORE\src\Http\Runner.php, line 58
Cake\Routing\Middleware\RoutingMiddleware::process() - CORE\src\Routing\Middleware\RoutingMiddleware.php, line 162
Cake\Http\Runner::handle() - CORE\src\Http\Runner.php, line 73
Cake\Routing\Middleware\AssetMiddleware::process() - CORE\src\Routing\Middleware\AssetMiddleware.php, line 68
Cake\Http\Runner::handle() - CORE\src\Http\Runner.php, line 73
Cake\Error\Middleware\ErrorHandlerMiddleware::process() - CORE\src\Error\Middleware\ErrorHandlerMiddleware.php, line 119
Cake\Http\Runner::handle() - CORE\src\Http\Runner.php, line 73
DebugKit\Middleware\DebugKitMiddleware::process() - ROOT\vendor\cakephp\debug_kit\src\Middleware\DebugKitMiddleware.php, line 60
Cake\Http\Runner::handle() - CORE\src\Http\Runner.php, line 73
Cake\Http\Runner::run() - CORE\src\Http\Runner.php, line 58
Cake\Http\Server::run() - CORE\src\Http\Server.php, line 90
[main] - ROOT\webroot\index.php, line 40



2020-06-17 21:26:16 Notice: Notice (8): Undefined variable: land in [C:\wamp64\www\avvsa\templates\Contenidos\asociarse_avvsa.php, line 7]
Request URL: /contenidos/asociarse-avvsa
Referer URL: http://localhost/avvsa/contenidos/vinas
Trace:
Cake\Error\BaseErrorHandler::handleError() - CORE\src\Error\BaseErrorHandler.php, line 188
DebugKit\Plugin::DebugKit\{closure}() - ROOT\vendor\cakephp\debug_kit\src\Plugin.php, line 105
include - ROOT\templates\Contenidos\asociarse_avvsa.php, line 7
Cake\View\View::_evaluate() - CORE\src\View\View.php, line 1160
Cake\View\View::_render() - CORE\src\View\View.php, line 1121
Cake\View\View::render() - CORE\src\View\View.php, line 751
Cake\Controller\Controller::render() - CORE\src\Controller\Controller.php, line 688
Cake\Controller\Controller::invokeAction() - CORE\src\Controller\Controller.php, line 530
Cake\Controller\ControllerFactory::invoke() - CORE\src\Controller\ControllerFactory.php, line 79
Cake\Http\BaseApplication::handle() - CORE\src\Http\BaseApplication.php, line 229
Cake\Http\Runner::handle() - CORE\src\Http\Runner.php, line 77
Cake\Http\Runner::handle() - CORE\src\Http\Runner.php, line 77
Cake\Http\Middleware\CsrfProtectionMiddleware::process() - CORE\src\Http\Middleware\CsrfProtectionMiddleware.php, line 137
Cake\Http\Runner::handle() - CORE\src\Http\Runner.php, line 73
Cake\Http\Runner::run() - CORE\src\Http\Runner.php, line 58
Cake\Routing\Middleware\RoutingMiddleware::process() - CORE\src\Routing\Middleware\RoutingMiddleware.php, line 162
Cake\Http\Runner::handle() - CORE\src\Http\Runner.php, line 73
Cake\Routing\Middleware\AssetMiddleware::process() - CORE\src\Routing\Middleware\AssetMiddleware.php, line 68
Cake\Http\Runner::handle() - CORE\src\Http\Runner.php, line 73
Cake\Error\Middleware\ErrorHandlerMiddleware::process() - CORE\src\Error\Middleware\ErrorHandlerMiddleware.php, line 119
Cake\Http\Runner::handle() - CORE\src\Http\Runner.php, line 73
DebugKit\Middleware\DebugKitMiddleware::process() - ROOT\vendor\cakephp\debug_kit\src\Middleware\DebugKitMiddleware.php, line 60
Cake\Http\Runner::handle() - CORE\src\Http\Runner.php, line 73
Cake\Http\Runner::run() - CORE\src\Http\Runner.php, line 58
Cake\Http\Server::run() - CORE\src\Http\Server.php, line 90
[main] - ROOT\webroot\index.php, line 40



2020-06-17 21:26:16 Notice: Notice (8): Undefined variable: land in [C:\wamp64\www\avvsa\templates\Contenidos\asociarse_avvsa.php, line 7]
Request URL: /contenidos/asociarse-avvsa
Referer URL: http://localhost/avvsa/contenidos/vinas
Trace:
Cake\Error\BaseErrorHandler::handleError() - CORE\src\Error\BaseErrorHandler.php, line 188
DebugKit\Plugin::DebugKit\{closure}() - ROOT\vendor\cakephp\debug_kit\src\Plugin.php, line 105
include - ROOT\templates\Contenidos\asociarse_avvsa.php, line 7
Cake\View\View::_evaluate() - CORE\src\View\View.php, line 1160
Cake\View\View::_render() - CORE\src\View\View.php, line 1121
Cake\View\View::render() - CORE\src\View\View.php, line 751
Cake\Controller\Controller::render() - CORE\src\Controller\Controller.php, line 688
Cake\Controller\Controller::invokeAction() - CORE\src\Controller\Controller.php, line 530
Cake\Controller\ControllerFactory::invoke() - CORE\src\Controller\ControllerFactory.php, line 79
Cake\Http\BaseApplication::handle() - CORE\src\Http\BaseApplication.php, line 229
Cake\Http\Runner::handle() - CORE\src\Http\Runner.php, line 77
Cake\Http\Runner::handle() - CORE\src\Http\Runner.php, line 77
Cake\Http\Middleware\CsrfProtectionMiddleware::process() - CORE\src\Http\Middleware\CsrfProtectionMiddleware.php, line 137
Cake\Http\Runner::handle() - CORE\src\Http\Runner.php, line 73
Cake\Http\Runner::run() - CORE\src\Http\Runner.php, line 58
Cake\Routing\Middleware\RoutingMiddleware::process() - CORE\src\Routing\Middleware\RoutingMiddleware.php, line 162
Cake\Http\Runner::handle() - CORE\src\Http\Runner.php, line 73
Cake\Routing\Middleware\AssetMiddleware::process() - CORE\src\Routing\Middleware\AssetMiddleware.php, line 68
Cake\Http\Runner::handle() - CORE\src\Http\Runner.php, line 73
Cake\Error\Middleware\ErrorHandlerMiddleware::process() - CORE\src\Error\Middleware\ErrorHandlerMiddleware.php, line 119
Cake\Http\Runner::handle() - CORE\src\Http\Runner.php, line 73
DebugKit\Middleware\DebugKitMiddleware::process() - ROOT\vendor\cakephp\debug_kit\src\Middleware\DebugKitMiddleware.php, line 60
Cake\Http\Runner::handle() - CORE\src\Http\Runner.php, line 73
Cake\Http\Runner::run() - CORE\src\Http\Runner.php, line 58
Cake\Http\Server::run() - CORE\src\Http\Server.php, line 90
[main] - ROOT\webroot\index.php, line 40



2020-06-18 00:22:29 Notice: Notice (1024): Undefined property: ContenidosController::$Auth in C:\wamp64\www\avvsa\src\Controller\ContenidosController.php on line 21 in [C:\wamp64\www\avvsa\vendor\cakephp\cakephp\src\Controller\Controller.php, line 311]
Request URL: /contenidos/cambiaIdioma
Referer URL: http://localhost/avvsa/contenidos/asociarse-avvsa
Trace:
Cake\Error\BaseErrorHandler::handleError() - CORE\src\Error\BaseErrorHandler.php, line 188
DebugKit\Plugin::DebugKit\{closure}() - ROOT\vendor\cakephp\debug_kit\src\Plugin.php, line 105
Cake\Controller\Controller::__get() - CORE\src\Controller\Controller.php, line 311
App\Controller\ContenidosController::beforeFilter() - APP/Controller\ContenidosController.php, line 21
Cake\Event\EventManager::_callListener() - CORE\src\Event\EventManager.php, line 309
Cake\Event\EventManager::dispatch() - CORE\src\Event\EventManager.php, line 286
Cake\Controller\Controller::dispatchEvent() - CORE\src\Event\EventDispatcherTrait.php, line 92
Cake\Controller\Controller::startupProcess() - CORE\src\Controller\Controller.php, line 565
Cake\Controller\ControllerFactory::invoke() - CORE\src\Controller\ControllerFactory.php, line 72
Cake\Http\BaseApplication::handle() - CORE\src\Http\BaseApplication.php, line 229
Cake\Http\Runner::handle() - CORE\src\Http\Runner.php, line 77
Cake\Http\Runner::handle() - CORE\src\Http\Runner.php, line 77
Cake\Http\Middleware\CsrfProtectionMiddleware::process() - CORE\src\Http\Middleware\CsrfProtectionMiddleware.php, line 137
Cake\Http\Runner::handle() - CORE\src\Http\Runner.php, line 73
Cake\Http\Runner::run() - CORE\src\Http\Runner.php, line 58
Cake\Routing\Middleware\RoutingMiddleware::process() - CORE\src\Routing\Middleware\RoutingMiddleware.php, line 162
Cake\Http\Runner::handle() - CORE\src\Http\Runner.php, line 73
Cake\Routing\Middleware\AssetMiddleware::process() - CORE\src\Routing\Middleware\AssetMiddleware.php, line 68
Cake\Http\Runner::handle() - CORE\src\Http\Runner.php, line 73
Cake\Error\Middleware\ErrorHandlerMiddleware::process() - CORE\src\Error\Middleware\ErrorHandlerMiddleware.php, line 119
Cake\Http\Runner::handle() - CORE\src\Http\Runner.php, line 73
DebugKit\Middleware\DebugKitMiddleware::process() - ROOT\vendor\cakephp\debug_kit\src\Middleware\DebugKitMiddleware.php, line 60
Cake\Http\Runner::handle() - CORE\src\Http\Runner.php, line 73
Cake\Http\Runner::run() - CORE\src\Http\Runner.php, line 58
Cake\Http\Server::run() - CORE\src\Http\Server.php, line 90
[main] - ROOT\webroot\index.php, line 40



2020-06-18 01:12:33 Notice: Notice (8): Array to string conversion in [C:\wamp64\www\avvsa\src\Controller\ContenidosController.php, line 146]
Request URL: /contenidos/cambiaIdioma
Referer URL: http://localhost/avvsa/contenidos/asociarse-avvsa
Trace:
Cake\Error\BaseErrorHandler::handleError() - CORE\src\Error\BaseErrorHandler.php, line 188
DebugKit\Plugin::DebugKit\{closure}() - ROOT\vendor\cakephp\debug_kit\src\Plugin.php, line 105
App\Controller\ContenidosController::cambiaIdioma() - APP/Controller\ContenidosController.php, line 146
Cake\Controller\Controller::invokeAction() - CORE\src\Controller\Controller.php, line 521
Cake\Controller\ControllerFactory::invoke() - CORE\src\Controller\ControllerFactory.php, line 79
Cake\Http\BaseApplication::handle() - CORE\src\Http\BaseApplication.php, line 229
Cake\Http\Runner::handle() - CORE\src\Http\Runner.php, line 77
Cake\Http\Runner::handle() - CORE\src\Http\Runner.php, line 77
Cake\Http\Middleware\CsrfProtectionMiddleware::process() - CORE\src\Http\Middleware\CsrfProtectionMiddleware.php, line 137
Cake\Http\Runner::handle() - CORE\src\Http\Runner.php, line 73
Cake\Http\Runner::run() - CORE\src\Http\Runner.php, line 58
Cake\Routing\Middleware\RoutingMiddleware::process() - CORE\src\Routing\Middleware\RoutingMiddleware.php, line 162
Cake\Http\Runner::handle() - CORE\src\Http\Runner.php, line 73
Cake\Routing\Middleware\AssetMiddleware::process() - CORE\src\Routing\Middleware\AssetMiddleware.php, line 68
Cake\Http\Runner::handle() - CORE\src\Http\Runner.php, line 73
Cake\Error\Middleware\ErrorHandlerMiddleware::process() - CORE\src\Error\Middleware\ErrorHandlerMiddleware.php, line 119
Cake\Http\Runner::handle() - CORE\src\Http\Runner.php, line 73
DebugKit\Middleware\DebugKitMiddleware::process() - ROOT\vendor\cakephp\debug_kit\src\Middleware\DebugKitMiddleware.php, line 60
Cake\Http\Runner::handle() - CORE\src\Http\Runner.php, line 73
Cake\Http\Runner::run() - CORE\src\Http\Runner.php, line 58
Cake\Http\Server::run() - CORE\src\Http\Server.php, line 90
[main] - ROOT\webroot\index.php, line 40



2020-06-18 01:16:02 Notice: Notice (8): compact(): Undefined variable: idioma in [C:\wamp64\www\avvsa\src\Controller\ContenidosController.php, line 156]
Request URL: /contenidos/cambiaIdioma
Referer URL: http://localhost/avvsa/contenidos/asociarse-avvsa
Trace:
Cake\Error\BaseErrorHandler::handleError() - CORE\src\Error\BaseErrorHandler.php, line 188
DebugKit\Plugin::DebugKit\{closure}() - ROOT\vendor\cakephp\debug_kit\src\Plugin.php, line 105
compact - [internal], line ??
App\Controller\ContenidosController::cambiaIdioma() - APP/Controller\ContenidosController.php, line 156
Cake\Controller\Controller::invokeAction() - CORE\src\Controller\Controller.php, line 521
Cake\Controller\ControllerFactory::invoke() - CORE\src\Controller\ControllerFactory.php, line 79
Cake\Http\BaseApplication::handle() - CORE\src\Http\BaseApplication.php, line 229
Cake\Http\Runner::handle() - CORE\src\Http\Runner.php, line 77
Cake\Http\Runner::handle() - CORE\src\Http\Runner.php, line 77
Cake\Http\Middleware\CsrfProtectionMiddleware::process() - CORE\src\Http\Middleware\CsrfProtectionMiddleware.php, line 137
Cake\Http\Runner::handle() - CORE\src\Http\Runner.php, line 73
Cake\Http\Runner::run() - CORE\src\Http\Runner.php, line 58
Cake\Routing\Middleware\RoutingMiddleware::process() - CORE\src\Routing\Middleware\RoutingMiddleware.php, line 162
Cake\Http\Runner::handle() - CORE\src\Http\Runner.php, line 73
Cake\Routing\Middleware\AssetMiddleware::process() - CORE\src\Routing\Middleware\AssetMiddleware.php, line 68
Cake\Http\Runner::handle() - CORE\src\Http\Runner.php, line 73
Cake\Error\Middleware\ErrorHandlerMiddleware::process() - CORE\src\Error\Middleware\ErrorHandlerMiddleware.php, line 119
Cake\Http\Runner::handle() - CORE\src\Http\Runner.php, line 73
DebugKit\Middleware\DebugKitMiddleware::process() - ROOT\vendor\cakephp\debug_kit\src\Middleware\DebugKitMiddleware.php, line 60
Cake\Http\Runner::handle() - CORE\src\Http\Runner.php, line 73
Cake\Http\Runner::run() - CORE\src\Http\Runner.php, line 58
Cake\Http\Server::run() - CORE\src\Http\Server.php, line 90
[main] - ROOT\webroot\index.php, line 40



2020-06-18 01:16:02 Notice: Notice (8): compact() [<a href='https://secure.php.net/function.compact'>function.compact</a>]: Undefined variable: idioma in [C:\wamp64\www\avvsa\src\Controller\ContenidosController.php, line 157]
Request URL: /contenidos/cambiaIdioma
Referer URL: http://localhost/avvsa/contenidos/asociarse-avvsa
Trace:
Cake\Error\BaseErrorHandler::handleError() - CORE\src\Error\BaseErrorHandler.php, line 188
DebugKit\Plugin::DebugKit\{closure}() - ROOT\vendor\cakephp\debug_kit\src\Plugin.php, line 105
compact - [internal], line ??
App\Controller\ContenidosController::cambiaIdioma() - APP/Controller\ContenidosController.php, line 157
Cake\Controller\Controller::invokeAction() - CORE\src\Controller\Controller.php, line 521
Cake\Controller\ControllerFactory::invoke() - CORE\src\Controller\ControllerFactory.php, line 79
Cake\Http\BaseApplication::handle() - CORE\src\Http\BaseApplication.php, line 229
Cake\Http\Runner::handle() - CORE\src\Http\Runner.php, line 77
Cake\Http\Runner::handle() - CORE\src\Http\Runner.php, line 77
Cake\Http\Middleware\CsrfProtectionMiddleware::process() - CORE\src\Http\Middleware\CsrfProtectionMiddleware.php, line 137
Cake\Http\Runner::handle() - CORE\src\Http\Runner.php, line 73
Cake\Http\Runner::run() - CORE\src\Http\Runner.php, line 58
Cake\Routing\Middleware\RoutingMiddleware::process() - CORE\src\Routing\Middleware\RoutingMiddleware.php, line 162
Cake\Http\Runner::handle() - CORE\src\Http\Runner.php, line 73
Cake\Routing\Middleware\AssetMiddleware::process() - CORE\src\Routing\Middleware\AssetMiddleware.php, line 68
Cake\Http\Runner::handle() - CORE\src\Http\Runner.php, line 73
Cake\Error\Middleware\ErrorHandlerMiddleware::process() - CORE\src\Error\Middleware\ErrorHandlerMiddleware.php, line 119
Cake\Http\Runner::handle() - CORE\src\Http\Runner.php, line 73
DebugKit\Middleware\DebugKitMiddleware::process() - ROOT\vendor\cakephp\debug_kit\src\Middleware\DebugKitMiddleware.php, line 60
Cake\Http\Runner::handle() - CORE\src\Http\Runner.php, line 73
Cake\Http\Runner::run() - CORE\src\Http\Runner.php, line 58
Cake\Http\Server::run() - CORE\src\Http\Server.php, line 90
[main] - ROOT\webroot\index.php, line 40



2020-06-19 16:51:05 Notice: Notice (8): Undefined variable: contenido in [C:\wamp64\www\avvsa\src\Controller\ContenidosController.php, line 66]
Request URL: /contenidos/los-pioneros
Referer URL: http://localhost/avvsa/contenidos/vinas
Trace:
Cake\Error\BaseErrorHandler::handleError() - CORE\src\Error\BaseErrorHandler.php, line 188
DebugKit\Plugin::DebugKit\{closure}() - ROOT\vendor\cakephp\debug_kit\src\Plugin.php, line 105
App\Controller\ContenidosController::losPioneros() - APP/Controller\ContenidosController.php, line 66
Cake\Controller\Controller::invokeAction() - CORE\src\Controller\Controller.php, line 521
Cake\Controller\ControllerFactory::invoke() - CORE\src\Controller\ControllerFactory.php, line 79
Cake\Http\BaseApplication::handle() - CORE\src\Http\BaseApplication.php, line 229
Cake\Http\Runner::handle() - CORE\src\Http\Runner.php, line 77
Cake\Http\Runner::handle() - CORE\src\Http\Runner.php, line 77
Cake\Http\Middleware\CsrfProtectionMiddleware::process() - CORE\src\Http\Middleware\CsrfProtectionMiddleware.php, line 137
Cake\Http\Runner::handle() - CORE\src\Http\Runner.php, line 73
Cake\Http\Runner::run() - CORE\src\Http\Runner.php, line 58
Cake\Routing\Middleware\RoutingMiddleware::process() - CORE\src\Routing\Middleware\RoutingMiddleware.php, line 162
Cake\Http\Runner::handle() - CORE\src\Http\Runner.php, line 73
Cake\Routing\Middleware\AssetMiddleware::process() - CORE\src\Routing\Middleware\AssetMiddleware.php, line 68
Cake\Http\Runner::handle() - CORE\src\Http\Runner.php, line 73
Cake\Error\Middleware\ErrorHandlerMiddleware::process() - CORE\src\Error\Middleware\ErrorHandlerMiddleware.php, line 119
Cake\Http\Runner::handle() - CORE\src\Http\Runner.php, line 73
DebugKit\Middleware\DebugKitMiddleware::process() - ROOT\vendor\cakephp\debug_kit\src\Middleware\DebugKitMiddleware.php, line 60
Cake\Http\Runner::handle() - CORE\src\Http\Runner.php, line 73
Cake\Http\Runner::run() - CORE\src\Http\Runner.php, line 58
Cake\Http\Server::run() - CORE\src\Http\Server.php, line 90
[main] - ROOT\webroot\index.php, line 40



2020-06-19 16:51:05 Notice: Notice (8): Undefined variable: contenido in [C:\wamp64\www\avvsa\src\Controller\ContenidosController.php, line 67]
Request URL: /contenidos/los-pioneros
Referer URL: http://localhost/avvsa/contenidos/vinas
Trace:
Cake\Error\BaseErrorHandler::handleError() - CORE\src\Error\BaseErrorHandler.php, line 188
DebugKit\Plugin::DebugKit\{closure}() - ROOT\vendor\cakephp\debug_kit\src\Plugin.php, line 105
App\Controller\ContenidosController::losPioneros() - APP/Controller\ContenidosController.php, line 67
Cake\Controller\Controller::invokeAction() - CORE\src\Controller\Controller.php, line 521
Cake\Controller\ControllerFactory::invoke() - CORE\src\Controller\ControllerFactory.php, line 79
Cake\Http\BaseApplication::handle() - CORE\src\Http\BaseApplication.php, line 229
Cake\Http\Runner::handle() - CORE\src\Http\Runner.php, line 77
Cake\Http\Runner::handle() - CORE\src\Http\Runner.php, line 77
Cake\Http\Middleware\CsrfProtectionMiddleware::process() - CORE\src\Http\Middleware\CsrfProtectionMiddleware.php, line 137
Cake\Http\Runner::handle() - CORE\src\Http\Runner.php, line 73
Cake\Http\Runner::run() - CORE\src\Http\Runner.php, line 58
Cake\Routing\Middleware\RoutingMiddleware::process() - CORE\src\Routing\Middleware\RoutingMiddleware.php, line 162
Cake\Http\Runner::handle() - CORE\src\Http\Runner.php, line 73
Cake\Routing\Middleware\AssetMiddleware::process() - CORE\src\Routing\Middleware\AssetMiddleware.php, line 68
Cake\Http\Runner::handle() - CORE\src\Http\Runner.php, line 73
Cake\Error\Middleware\ErrorHandlerMiddleware::process() - CORE\src\Error\Middleware\ErrorHandlerMiddleware.php, line 119
Cake\Http\Runner::handle() - CORE\src\Http\Runner.php, line 73
DebugKit\Middleware\DebugKitMiddleware::process() - ROOT\vendor\cakephp\debug_kit\src\Middleware\DebugKitMiddleware.php, line 60
Cake\Http\Runner::handle() - CORE\src\Http\Runner.php, line 73
Cake\Http\Runner::run() - CORE\src\Http\Runner.php, line 58
Cake\Http\Server::run() - CORE\src\Http\Server.php, line 90
[main] - ROOT\webroot\index.php, line 40



2020-06-19 16:51:05 Notice: Notice (8): Undefined variable: data in [C:\wamp64\www\avvsa\templates\Contenidos\los_pioneros.php, line 4]
Request URL: /contenidos/los-pioneros
Referer URL: http://localhost/avvsa/contenidos/vinas
Trace:
Cake\Error\BaseErrorHandler::handleError() - CORE\src\Error\BaseErrorHandler.php, line 188
DebugKit\Plugin::DebugKit\{closure}() - ROOT\vendor\cakephp\debug_kit\src\Plugin.php, line 105
include - ROOT\templates\Contenidos\los_pioneros.php, line 4
Cake\View\View::_evaluate() - CORE\src\View\View.php, line 1160
Cake\View\View::_render() - CORE\src\View\View.php, line 1121
Cake\View\View::render() - CORE\src\View\View.php, line 751
Cake\Controller\Controller::render() - CORE\src\Controller\Controller.php, line 688
Cake\Controller\Controller::invokeAction() - CORE\src\Controller\Controller.php, line 530
Cake\Controller\ControllerFactory::invoke() - CORE\src\Controller\ControllerFactory.php, line 79
Cake\Http\BaseApplication::handle() - CORE\src\Http\BaseApplication.php, line 229
Cake\Http\Runner::handle() - CORE\src\Http\Runner.php, line 77
Cake\Http\Runner::handle() - CORE\src\Http\Runner.php, line 77
Cake\Http\Middleware\CsrfProtectionMiddleware::process() - CORE\src\Http\Middleware\CsrfProtectionMiddleware.php, line 137
Cake\Http\Runner::handle() - CORE\src\Http\Runner.php, line 73
Cake\Http\Runner::run() - CORE\src\Http\Runner.php, line 58
Cake\Routing\Middleware\RoutingMiddleware::process() - CORE\src\Routing\Middleware\RoutingMiddleware.php, line 162
Cake\Http\Runner::handle() - CORE\src\Http\Runner.php, line 73
Cake\Routing\Middleware\AssetMiddleware::process() - CORE\src\Routing\Middleware\AssetMiddleware.php, line 68
Cake\Http\Runner::handle() - CORE\src\Http\Runner.php, line 73
Cake\Error\Middleware\ErrorHandlerMiddleware::process() - CORE\src\Error\Middleware\ErrorHandlerMiddleware.php, line 119
Cake\Http\Runner::handle() - CORE\src\Http\Runner.php, line 73
DebugKit\Middleware\DebugKitMiddleware::process() - ROOT\vendor\cakephp\debug_kit\src\Middleware\DebugKitMiddleware.php, line 60
Cake\Http\Runner::handle() - CORE\src\Http\Runner.php, line 73
Cake\Http\Runner::run() - CORE\src\Http\Runner.php, line 58
Cake\Http\Server::run() - CORE\src\Http\Server.php, line 90
[main] - ROOT\webroot\index.php, line 40



2020-06-19 16:51:18 Notice: Notice (8): Undefined variable: data in [C:\wamp64\www\avvsa\templates\Contenidos\los_pioneros.php, line 4]
Request URL: /contenidos/los-pioneros
Referer URL: http://localhost/avvsa/contenidos/vinas
Trace:
Cake\Error\BaseErrorHandler::handleError() - CORE\src\Error\BaseErrorHandler.php, line 188
DebugKit\Plugin::DebugKit\{closure}() - ROOT\vendor\cakephp\debug_kit\src\Plugin.php, line 105
include - ROOT\templates\Contenidos\los_pioneros.php, line 4
Cake\View\View::_evaluate() - CORE\src\View\View.php, line 1160
Cake\View\View::_render() - CORE\src\View\View.php, line 1121
Cake\View\View::render() - CORE\src\View\View.php, line 751
Cake\Controller\Controller::render() - CORE\src\Controller\Controller.php, line 688
Cake\Controller\Controller::invokeAction() - CORE\src\Controller\Controller.php, line 530
Cake\Controller\ControllerFactory::invoke() - CORE\src\Controller\ControllerFactory.php, line 79
Cake\Http\BaseApplication::handle() - CORE\src\Http\BaseApplication.php, line 229
Cake\Http\Runner::handle() - CORE\src\Http\Runner.php, line 77
Cake\Http\Runner::handle() - CORE\src\Http\Runner.php, line 77
Cake\Http\Middleware\CsrfProtectionMiddleware::process() - CORE\src\Http\Middleware\CsrfProtectionMiddleware.php, line 137
Cake\Http\Runner::handle() - CORE\src\Http\Runner.php, line 73
Cake\Http\Runner::run() - CORE\src\Http\Runner.php, line 58
Cake\Routing\Middleware\RoutingMiddleware::process() - CORE\src\Routing\Middleware\RoutingMiddleware.php, line 162
Cake\Http\Runner::handle() - CORE\src\Http\Runner.php, line 73
Cake\Routing\Middleware\AssetMiddleware::process() - CORE\src\Routing\Middleware\AssetMiddleware.php, line 68
Cake\Http\Runner::handle() - CORE\src\Http\Runner.php, line 73
Cake\Error\Middleware\ErrorHandlerMiddleware::process() - CORE\src\Error\Middleware\ErrorHandlerMiddleware.php, line 119
Cake\Http\Runner::handle() - CORE\src\Http\Runner.php, line 73
DebugKit\Middleware\DebugKitMiddleware::process() - ROOT\vendor\cakephp\debug_kit\src\Middleware\DebugKitMiddleware.php, line 60
Cake\Http\Runner::handle() - CORE\src\Http\Runner.php, line 73
Cake\Http\Runner::run() - CORE\src\Http\Runner.php, line 58
Cake\Http\Server::run() - CORE\src\Http\Server.php, line 90
[main] - ROOT\webroot\index.php, line 40



2020-06-19 18:45:09 Notice: Notice (8): Undefined variable: titulo in [C:\wamp64\www\avvsa\templates\Contenidos\contacto.php, line 5]
Request URL: /contenidos/contacto
Trace:
Cake\Error\BaseErrorHandler::handleError() - CORE\src\Error\BaseErrorHandler.php, line 188
DebugKit\Plugin::DebugKit\{closure}() - ROOT\vendor\cakephp\debug_kit\src\Plugin.php, line 105
include - ROOT\templates\Contenidos\contacto.php, line 5
Cake\View\View::_evaluate() - CORE\src\View\View.php, line 1160
Cake\View\View::_render() - CORE\src\View\View.php, line 1121
Cake\View\View::render() - CORE\src\View\View.php, line 751
Cake\Controller\Controller::render() - CORE\src\Controller\Controller.php, line 688
Cake\Controller\Controller::invokeAction() - CORE\src\Controller\Controller.php, line 530
Cake\Controller\ControllerFactory::invoke() - CORE\src\Controller\ControllerFactory.php, line 79
Cake\Http\BaseApplication::handle() - CORE\src\Http\BaseApplication.php, line 229
Cake\Http\Runner::handle() - CORE\src\Http\Runner.php, line 77
Cake\Http\Runner::handle() - CORE\src\Http\Runner.php, line 77
Cake\Http\Middleware\CsrfProtectionMiddleware::process() - CORE\src\Http\Middleware\CsrfProtectionMiddleware.php, line 137
Cake\Http\Runner::handle() - CORE\src\Http\Runner.php, line 73
Cake\Http\Runner::run() - CORE\src\Http\Runner.php, line 58
Cake\Routing\Middleware\RoutingMiddleware::process() - CORE\src\Routing\Middleware\RoutingMiddleware.php, line 162
Cake\Http\Runner::handle() - CORE\src\Http\Runner.php, line 73
Cake\Routing\Middleware\AssetMiddleware::process() - CORE\src\Routing\Middleware\AssetMiddleware.php, line 68
Cake\Http\Runner::handle() - CORE\src\Http\Runner.php, line 73
Cake\Error\Middleware\ErrorHandlerMiddleware::process() - CORE\src\Error\Middleware\ErrorHandlerMiddleware.php, line 119
Cake\Http\Runner::handle() - CORE\src\Http\Runner.php, line 73
DebugKit\Middleware\DebugKitMiddleware::process() - ROOT\vendor\cakephp\debug_kit\src\Middleware\DebugKitMiddleware.php, line 60
Cake\Http\Runner::handle() - CORE\src\Http\Runner.php, line 73
Cake\Http\Runner::run() - CORE\src\Http\Runner.php, line 58
Cake\Http\Server::run() - CORE\src\Http\Server.php, line 90
[main] - ROOT\webroot\index.php, line 40



2020-06-22 16:52:58 Notice: Notice (8): Undefined variable: titulo in [C:\wamp64\www\avvsa\src\Controller\ContenidosController.php, line 194]
Request URL: /contenidos/codigo-etica
Referer URL: http://localhost/avvsa/contenidos/terroir
Trace:
Cake\Error\BaseErrorHandler::handleError() - CORE\src\Error\BaseErrorHandler.php, line 188
DebugKit\Plugin::DebugKit\{closure}() - ROOT\vendor\cakephp\debug_kit\src\Plugin.php, line 105
App\Controller\ContenidosController::codigoEtica() - APP/Controller\ContenidosController.php, line 194
Cake\Controller\Controller::invokeAction() - CORE\src\Controller\Controller.php, line 521
Cake\Controller\ControllerFactory::invoke() - CORE\src\Controller\ControllerFactory.php, line 79
Cake\Http\BaseApplication::handle() - CORE\src\Http\BaseApplication.php, line 229
Cake\Http\Runner::handle() - CORE\src\Http\Runner.php, line 77
Cake\Http\Runner::handle() - CORE\src\Http\Runner.php, line 77
Cake\Http\Middleware\CsrfProtectionMiddleware::process() - CORE\src\Http\Middleware\CsrfProtectionMiddleware.php, line 137
Cake\Http\Runner::handle() - CORE\src\Http\Runner.php, line 73
Cake\Http\Runner::run() - CORE\src\Http\Runner.php, line 58
Cake\Routing\Middleware\RoutingMiddleware::process() - CORE\src\Routing\Middleware\RoutingMiddleware.php, line 162
Cake\Http\Runner::handle() - CORE\src\Http\Runner.php, line 73
Cake\Routing\Middleware\AssetMiddleware::process() - CORE\src\Routing\Middleware\AssetMiddleware.php, line 68
Cake\Http\Runner::handle() - CORE\src\Http\Runner.php, line 73
Cake\Error\Middleware\ErrorHandlerMiddleware::process() - CORE\src\Error\Middleware\ErrorHandlerMiddleware.php, line 119
Cake\Http\Runner::handle() - CORE\src\Http\Runner.php, line 73
DebugKit\Middleware\DebugKitMiddleware::process() - ROOT\vendor\cakephp\debug_kit\src\Middleware\DebugKitMiddleware.php, line 60
Cake\Http\Runner::handle() - CORE\src\Http\Runner.php, line 73
Cake\Http\Runner::run() - CORE\src\Http\Runner.php, line 58
Cake\Http\Server::run() - CORE\src\Http\Server.php, line 90
[main] - ROOT\webroot\index.php, line 40



2020-06-22 16:52:58 Notice: Notice (8): Undefined variable: texto in [C:\wamp64\www\avvsa\src\Controller\ContenidosController.php, line 195]
Request URL: /contenidos/codigo-etica
Referer URL: http://localhost/avvsa/contenidos/terroir
Trace:
Cake\Error\BaseErrorHandler::handleError() - CORE\src\Error\BaseErrorHandler.php, line 188
DebugKit\Plugin::DebugKit\{closure}() - ROOT\vendor\cakephp\debug_kit\src\Plugin.php, line 105
App\Controller\ContenidosController::codigoEtica() - APP/Controller\ContenidosController.php, line 195
Cake\Controller\Controller::invokeAction() - CORE\src\Controller\Controller.php, line 521
Cake\Controller\ControllerFactory::invoke() - CORE\src\Controller\ControllerFactory.php, line 79
Cake\Http\BaseApplication::handle() - CORE\src\Http\BaseApplication.php, line 229
Cake\Http\Runner::handle() - CORE\src\Http\Runner.php, line 77
Cake\Http\Runner::handle() - CORE\src\Http\Runner.php, line 77
Cake\Http\Middleware\CsrfProtectionMiddleware::process() - CORE\src\Http\Middleware\CsrfProtectionMiddleware.php, line 137
Cake\Http\Runner::handle() - CORE\src\Http\Runner.php, line 73
Cake\Http\Runner::run() - CORE\src\Http\Runner.php, line 58
Cake\Routing\Middleware\RoutingMiddleware::process() - CORE\src\Routing\Middleware\RoutingMiddleware.php, line 162
Cake\Http\Runner::handle() - CORE\src\Http\Runner.php, line 73
Cake\Routing\Middleware\AssetMiddleware::process() - CORE\src\Routing\Middleware\AssetMiddleware.php, line 68
Cake\Http\Runner::handle() - CORE\src\Http\Runner.php, line 73
Cake\Error\Middleware\ErrorHandlerMiddleware::process() - CORE\src\Error\Middleware\ErrorHandlerMiddleware.php, line 119
Cake\Http\Runner::handle() - CORE\src\Http\Runner.php, line 73
DebugKit\Middleware\DebugKitMiddleware::process() - ROOT\vendor\cakephp\debug_kit\src\Middleware\DebugKitMiddleware.php, line 60
Cake\Http\Runner::handle() - CORE\src\Http\Runner.php, line 73
Cake\Http\Runner::run() - CORE\src\Http\Runner.php, line 58
Cake\Http\Server::run() - CORE\src\Http\Server.php, line 90
[main] - ROOT\webroot\index.php, line 40



2020-06-22 16:52:58 Notice: Notice (8): Undefined variable: extencion in [C:\wamp64\www\avvsa\src\Controller\ContenidosController.php, line 196]
Request URL: /contenidos/codigo-etica
Referer URL: http://localhost/avvsa/contenidos/terroir
Trace:
Cake\Error\BaseErrorHandler::handleError() - CORE\src\Error\BaseErrorHandler.php, line 188
DebugKit\Plugin::DebugKit\{closure}() - ROOT\vendor\cakephp\debug_kit\src\Plugin.php, line 105
App\Controller\ContenidosController::codigoEtica() - APP/Controller\ContenidosController.php, line 196
Cake\Controller\Controller::invokeAction() - CORE\src\Controller\Controller.php, line 521
Cake\Controller\ControllerFactory::invoke() - CORE\src\Controller\ControllerFactory.php, line 79
Cake\Http\BaseApplication::handle() - CORE\src\Http\BaseApplication.php, line 229
Cake\Http\Runner::handle() - CORE\src\Http\Runner.php, line 77
Cake\Http\Runner::handle() - CORE\src\Http\Runner.php, line 77
Cake\Http\Middleware\CsrfProtectionMiddleware::process() - CORE\src\Http\Middleware\CsrfProtectionMiddleware.php, line 137
Cake\Http\Runner::handle() - CORE\src\Http\Runner.php, line 73
Cake\Http\Runner::run() - CORE\src\Http\Runner.php, line 58
Cake\Routing\Middleware\RoutingMiddleware::process() - CORE\src\Routing\Middleware\RoutingMiddleware.php, line 162
Cake\Http\Runner::handle() - CORE\src\Http\Runner.php, line 73
Cake\Routing\Middleware\AssetMiddleware::process() - CORE\src\Routing\Middleware\AssetMiddleware.php, line 68
Cake\Http\Runner::handle() - CORE\src\Http\Runner.php, line 73
Cake\Error\Middleware\ErrorHandlerMiddleware::process() - CORE\src\Error\Middleware\ErrorHandlerMiddleware.php, line 119
Cake\Http\Runner::handle() - CORE\src\Http\Runner.php, line 73
DebugKit\Middleware\DebugKitMiddleware::process() - ROOT\vendor\cakephp\debug_kit\src\Middleware\DebugKitMiddleware.php, line 60
Cake\Http\Runner::handle() - CORE\src\Http\Runner.php, line 73
Cake\Http\Runner::run() - CORE\src\Http\Runner.php, line 58
Cake\Http\Server::run() - CORE\src\Http\Server.php, line 90
[main] - ROOT\webroot\index.php, line 40



2020-06-22 16:53:08 Notice: Notice (8): Undefined variable: titulo in [C:\wamp64\www\avvsa\src\Controller\ContenidosController.php, line 194]
Request URL: /contenidos/codigo-etica
Referer URL: http://localhost/avvsa/contenidos/terroir
Trace:
Cake\Error\BaseErrorHandler::handleError() - CORE\src\Error\BaseErrorHandler.php, line 188
DebugKit\Plugin::DebugKit\{closure}() - ROOT\vendor\cakephp\debug_kit\src\Plugin.php, line 105
App\Controller\ContenidosController::codigoEtica() - APP/Controller\ContenidosController.php, line 194
Cake\Controller\Controller::invokeAction() - CORE\src\Controller\Controller.php, line 521
Cake\Controller\ControllerFactory::invoke() - CORE\src\Controller\ControllerFactory.php, line 79
Cake\Http\BaseApplication::handle() - CORE\src\Http\BaseApplication.php, line 229
Cake\Http\Runner::handle() - CORE\src\Http\Runner.php, line 77
Cake\Http\Runner::handle() - CORE\src\Http\Runner.php, line 77
Cake\Http\Middleware\CsrfProtectionMiddleware::process() - CORE\src\Http\Middleware\CsrfProtectionMiddleware.php, line 137
Cake\Http\Runner::handle() - CORE\src\Http\Runner.php, line 73
Cake\Http\Runner::run() - CORE\src\Http\Runner.php, line 58
Cake\Routing\Middleware\RoutingMiddleware::process() - CORE\src\Routing\Middleware\RoutingMiddleware.php, line 162
Cake\Http\Runner::handle() - CORE\src\Http\Runner.php, line 73
Cake\Routing\Middleware\AssetMiddleware::process() - CORE\src\Routing\Middleware\AssetMiddleware.php, line 68
Cake\Http\Runner::handle() - CORE\src\Http\Runner.php, line 73
Cake\Error\Middleware\ErrorHandlerMiddleware::process() - CORE\src\Error\Middleware\ErrorHandlerMiddleware.php, line 119
Cake\Http\Runner::handle() - CORE\src\Http\Runner.php, line 73
DebugKit\Middleware\DebugKitMiddleware::process() - ROOT\vendor\cakephp\debug_kit\src\Middleware\DebugKitMiddleware.php, line 60
Cake\Http\Runner::handle() - CORE\src\Http\Runner.php, line 73
Cake\Http\Runner::run() - CORE\src\Http\Runner.php, line 58
Cake\Http\Server::run() - CORE\src\Http\Server.php, line 90
[main] - ROOT\webroot\index.php, line 40



2020-06-22 16:53:08 Notice: Notice (8): Undefined variable: texto in [C:\wamp64\www\avvsa\src\Controller\ContenidosController.php, line 195]
Request URL: /contenidos/codigo-etica
Referer URL: http://localhost/avvsa/contenidos/terroir
Trace:
Cake\Error\BaseErrorHandler::handleError() - CORE\src\Error\BaseErrorHandler.php, line 188
DebugKit\Plugin::DebugKit\{closure}() - ROOT\vendor\cakephp\debug_kit\src\Plugin.php, line 105
App\Controller\ContenidosController::codigoEtica() - APP/Controller\ContenidosController.php, line 195
Cake\Controller\Controller::invokeAction() - CORE\src\Controller\Controller.php, line 521
Cake\Controller\ControllerFactory::invoke() - CORE\src\Controller\ControllerFactory.php, line 79
Cake\Http\BaseApplication::handle() - CORE\src\Http\BaseApplication.php, line 229
Cake\Http\Runner::handle() - CORE\src\Http\Runner.php, line 77
Cake\Http\Runner::handle() - CORE\src\Http\Runner.php, line 77
Cake\Http\Middleware\CsrfProtectionMiddleware::process() - CORE\src\Http\Middleware\CsrfProtectionMiddleware.php, line 137
Cake\Http\Runner::handle() - CORE\src\Http\Runner.php, line 73
Cake\Http\Runner::run() - CORE\src\Http\Runner.php, line 58
Cake\Routing\Middleware\RoutingMiddleware::process() - CORE\src\Routing\Middleware\RoutingMiddleware.php, line 162
Cake\Http\Runner::handle() - CORE\src\Http\Runner.php, line 73
Cake\Routing\Middleware\AssetMiddleware::process() - CORE\src\Routing\Middleware\AssetMiddleware.php, line 68
Cake\Http\Runner::handle() - CORE\src\Http\Runner.php, line 73
Cake\Error\Middleware\ErrorHandlerMiddleware::process() - CORE\src\Error\Middleware\ErrorHandlerMiddleware.php, line 119
Cake\Http\Runner::handle() - CORE\src\Http\Runner.php, line 73
DebugKit\Middleware\DebugKitMiddleware::process() - ROOT\vendor\cakephp\debug_kit\src\Middleware\DebugKitMiddleware.php, line 60
Cake\Http\Runner::handle() - CORE\src\Http\Runner.php, line 73
Cake\Http\Runner::run() - CORE\src\Http\Runner.php, line 58
Cake\Http\Server::run() - CORE\src\Http\Server.php, line 90
[main] - ROOT\webroot\index.php, line 40



2020-06-22 16:53:08 Notice: Notice (8): Undefined variable: extencion in [C:\wamp64\www\avvsa\src\Controller\ContenidosController.php, line 196]
Request URL: /contenidos/codigo-etica
Referer URL: http://localhost/avvsa/contenidos/terroir
Trace:
Cake\Error\BaseErrorHandler::handleError() - CORE\src\Error\BaseErrorHandler.php, line 188
DebugKit\Plugin::DebugKit\{closure}() - ROOT\vendor\cakephp\debug_kit\src\Plugin.php, line 105
App\Controller\ContenidosController::codigoEtica() - APP/Controller\ContenidosController.php, line 196
Cake\Controller\Controller::invokeAction() - CORE\src\Controller\Controller.php, line 521
Cake\Controller\ControllerFactory::invoke() - CORE\src\Controller\ControllerFactory.php, line 79
Cake\Http\BaseApplication::handle() - CORE\src\Http\BaseApplication.php, line 229
Cake\Http\Runner::handle() - CORE\src\Http\Runner.php, line 77
Cake\Http\Runner::handle() - CORE\src\Http\Runner.php, line 77
Cake\Http\Middleware\CsrfProtectionMiddleware::process() - CORE\src\Http\Middleware\CsrfProtectionMiddleware.php, line 137
Cake\Http\Runner::handle() - CORE\src\Http\Runner.php, line 73
Cake\Http\Runner::run() - CORE\src\Http\Runner.php, line 58
Cake\Routing\Middleware\RoutingMiddleware::process() - CORE\src\Routing\Middleware\RoutingMiddleware.php, line 162
Cake\Http\Runner::handle() - CORE\src\Http\Runner.php, line 73
Cake\Routing\Middleware\AssetMiddleware::process() - CORE\src\Routing\Middleware\AssetMiddleware.php, line 68
Cake\Http\Runner::handle() - CORE\src\Http\Runner.php, line 73
Cake\Error\Middleware\ErrorHandlerMiddleware::process() - CORE\src\Error\Middleware\ErrorHandlerMiddleware.php, line 119
Cake\Http\Runner::handle() - CORE\src\Http\Runner.php, line 73
DebugKit\Middleware\DebugKitMiddleware::process() - ROOT\vendor\cakephp\debug_kit\src\Middleware\DebugKitMiddleware.php, line 60
Cake\Http\Runner::handle() - CORE\src\Http\Runner.php, line 73
Cake\Http\Runner::run() - CORE\src\Http\Runner.php, line 58
Cake\Http\Server::run() - CORE\src\Http\Server.php, line 90
[main] - ROOT\webroot\index.php, line 40



2020-06-22 17:01:19 Notice: Notice (8): Array to string conversion in [C:\wamp64\www\avvsa\templates\Contenidos\codigo_etica.php, line 20]
Request URL: /contenidos/codigo-etica
Referer URL: http://localhost/avvsa/contenidos/terroir
Trace:
Cake\Error\BaseErrorHandler::handleError() - CORE\src\Error\BaseErrorHandler.php, line 188
DebugKit\Plugin::DebugKit\{closure}() - ROOT\vendor\cakephp\debug_kit\src\Plugin.php, line 105
include - ROOT\templates\Contenidos\codigo_etica.php, line 20
Cake\View\View::_evaluate() - CORE\src\View\View.php, line 1160
Cake\View\View::_render() - CORE\src\View\View.php, line 1121
Cake\View\View::render() - CORE\src\View\View.php, line 751
Cake\Controller\Controller::render() - CORE\src\Controller\Controller.php, line 688
Cake\Controller\Controller::invokeAction() - CORE\src\Controller\Controller.php, line 530
Cake\Controller\ControllerFactory::invoke() - CORE\src\Controller\ControllerFactory.php, line 79
Cake\Http\BaseApplication::handle() - CORE\src\Http\BaseApplication.php, line 229
Cake\Http\Runner::handle() - CORE\src\Http\Runner.php, line 77
Cake\Http\Runner::handle() - CORE\src\Http\Runner.php, line 77
Cake\Http\Middleware\CsrfProtectionMiddleware::process() - CORE\src\Http\Middleware\CsrfProtectionMiddleware.php, line 137
Cake\Http\Runner::handle() - CORE\src\Http\Runner.php, line 73
Cake\Http\Runner::run() - CORE\src\Http\Runner.php, line 58
Cake\Routing\Middleware\RoutingMiddleware::process() - CORE\src\Routing\Middleware\RoutingMiddleware.php, line 162
Cake\Http\Runner::handle() - CORE\src\Http\Runner.php, line 73
Cake\Routing\Middleware\AssetMiddleware::process() - CORE\src\Routing\Middleware\AssetMiddleware.php, line 68
Cake\Http\Runner::handle() - CORE\src\Http\Runner.php, line 73
Cake\Error\Middleware\ErrorHandlerMiddleware::process() - CORE\src\Error\Middleware\ErrorHandlerMiddleware.php, line 119
Cake\Http\Runner::handle() - CORE\src\Http\Runner.php, line 73
DebugKit\Middleware\DebugKitMiddleware::process() - ROOT\vendor\cakephp\debug_kit\src\Middleware\DebugKitMiddleware.php, line 60
Cake\Http\Runner::handle() - CORE\src\Http\Runner.php, line 73
Cake\Http\Runner::run() - CORE\src\Http\Runner.php, line 58
Cake\Http\Server::run() - CORE\src\Http\Server.php, line 90
[main] - ROOT\webroot\index.php, line 40



2020-06-22 17:01:43 Notice: Notice (8): Array to string conversion in [C:\wamp64\www\avvsa\templates\Contenidos\codigo_etica.php, line 20]
Request URL: /contenidos/codigo-etica
Referer URL: http://localhost/avvsa/contenidos/terroir
Trace:
Cake\Error\BaseErrorHandler::handleError() - CORE\src\Error\BaseErrorHandler.php, line 188
DebugKit\Plugin::DebugKit\{closure}() - ROOT\vendor\cakephp\debug_kit\src\Plugin.php, line 105
include - ROOT\templates\Contenidos\codigo_etica.php, line 20
Cake\View\View::_evaluate() - CORE\src\View\View.php, line 1160
Cake\View\View::_render() - CORE\src\View\View.php, line 1121
Cake\View\View::render() - CORE\src\View\View.php, line 751
Cake\Controller\Controller::render() - CORE\src\Controller\Controller.php, line 688
Cake\Controller\Controller::invokeAction() - CORE\src\Controller\Controller.php, line 530
Cake\Controller\ControllerFactory::invoke() - CORE\src\Controller\ControllerFactory.php, line 79
Cake\Http\BaseApplication::handle() - CORE\src\Http\BaseApplication.php, line 229
Cake\Http\Runner::handle() - CORE\src\Http\Runner.php, line 77
Cake\Http\Runner::handle() - CORE\src\Http\Runner.php, line 77
Cake\Http\Middleware\CsrfProtectionMiddleware::process() - CORE\src\Http\Middleware\CsrfProtectionMiddleware.php, line 137
Cake\Http\Runner::handle() - CORE\src\Http\Runner.php, line 73
Cake\Http\Runner::run() - CORE\src\Http\Runner.php, line 58
Cake\Routing\Middleware\RoutingMiddleware::process() - CORE\src\Routing\Middleware\RoutingMiddleware.php, line 162
Cake\Http\Runner::handle() - CORE\src\Http\Runner.php, line 73
Cake\Routing\Middleware\AssetMiddleware::process() - CORE\src\Routing\Middleware\AssetMiddleware.php, line 68
Cake\Http\Runner::handle() - CORE\src\Http\Runner.php, line 73
Cake\Error\Middleware\ErrorHandlerMiddleware::process() - CORE\src\Error\Middleware\ErrorHandlerMiddleware.php, line 119
Cake\Http\Runner::handle() - CORE\src\Http\Runner.php, line 73
DebugKit\Middleware\DebugKitMiddleware::process() - ROOT\vendor\cakephp\debug_kit\src\Middleware\DebugKitMiddleware.php, line 60
Cake\Http\Runner::handle() - CORE\src\Http\Runner.php, line 73
Cake\Http\Runner::run() - CORE\src\Http\Runner.php, line 58
Cake\Http\Server::run() - CORE\src\Http\Server.php, line 90
[main] - ROOT\webroot\index.php, line 40



2020-06-22 17:02:01 Notice: Notice (8): Array to string conversion in [C:\wamp64\www\avvsa\templates\Contenidos\codigo_etica.php, line 20]
Request URL: /contenidos/codigo-etica
Referer URL: http://localhost/avvsa/contenidos/terroir
Trace:
Cake\Error\BaseErrorHandler::handleError() - CORE\src\Error\BaseErrorHandler.php, line 188
DebugKit\Plugin::DebugKit\{closure}() - ROOT\vendor\cakephp\debug_kit\src\Plugin.php, line 105
include - ROOT\templates\Contenidos\codigo_etica.php, line 20
Cake\View\View::_evaluate() - CORE\src\View\View.php, line 1160
Cake\View\View::_render() - CORE\src\View\View.php, line 1121
Cake\View\View::render() - CORE\src\View\View.php, line 751
Cake\Controller\Controller::render() - CORE\src\Controller\Controller.php, line 688
Cake\Controller\Controller::invokeAction() - CORE\src\Controller\Controller.php, line 530
Cake\Controller\ControllerFactory::invoke() - CORE\src\Controller\ControllerFactory.php, line 79
Cake\Http\BaseApplication::handle() - CORE\src\Http\BaseApplication.php, line 229
Cake\Http\Runner::handle() - CORE\src\Http\Runner.php, line 77
Cake\Http\Runner::handle() - CORE\src\Http\Runner.php, line 77
Cake\Http\Middleware\CsrfProtectionMiddleware::process() - CORE\src\Http\Middleware\CsrfProtectionMiddleware.php, line 137
Cake\Http\Runner::handle() - CORE\src\Http\Runner.php, line 73
Cake\Http\Runner::run() - CORE\src\Http\Runner.php, line 58
Cake\Routing\Middleware\RoutingMiddleware::process() - CORE\src\Routing\Middleware\RoutingMiddleware.php, line 162
Cake\Http\Runner::handle() - CORE\src\Http\Runner.php, line 73
Cake\Routing\Middleware\AssetMiddleware::process() - CORE\src\Routing\Middleware\AssetMiddleware.php, line 68
Cake\Http\Runner::handle() - CORE\src\Http\Runner.php, line 73
Cake\Error\Middleware\ErrorHandlerMiddleware::process() - CORE\src\Error\Middleware\ErrorHandlerMiddleware.php, line 119
Cake\Http\Runner::handle() - CORE\src\Http\Runner.php, line 73
DebugKit\Middleware\DebugKitMiddleware::process() - ROOT\vendor\cakephp\debug_kit\src\Middleware\DebugKitMiddleware.php, line 60
Cake\Http\Runner::handle() - CORE\src\Http\Runner.php, line 73
Cake\Http\Runner::run() - CORE\src\Http\Runner.php, line 58
Cake\Http\Server::run() - CORE\src\Http\Server.php, line 90
[main] - ROOT\webroot\index.php, line 40



2020-06-22 17:08:03 Notice: Notice (8): Undefined index: lista in [C:\wamp64\www\avvsa\templates\Contenidos\codigo_etica.php, line 36]
Request URL: /contenidos/codigo-etica
Referer URL: http://localhost/avvsa/contenidos/terroir
Trace:
Cake\Error\BaseErrorHandler::handleError() - CORE\src\Error\BaseErrorHandler.php, line 188
DebugKit\Plugin::DebugKit\{closure}() - ROOT\vendor\cakephp\debug_kit\src\Plugin.php, line 105
include - ROOT\templates\Contenidos\codigo_etica.php, line 36
Cake\View\View::_evaluate() - CORE\src\View\View.php, line 1160
Cake\View\View::_render() - CORE\src\View\View.php, line 1121
Cake\View\View::render() - CORE\src\View\View.php, line 751
Cake\Controller\Controller::render() - CORE\src\Controller\Controller.php, line 688
Cake\Controller\Controller::invokeAction() - CORE\src\Controller\Controller.php, line 530
Cake\Controller\ControllerFactory::invoke() - CORE\src\Controller\ControllerFactory.php, line 79
Cake\Http\BaseApplication::handle() - CORE\src\Http\BaseApplication.php, line 229
Cake\Http\Runner::handle() - CORE\src\Http\Runner.php, line 77
Cake\Http\Runner::handle() - CORE\src\Http\Runner.php, line 77
Cake\Http\Middleware\CsrfProtectionMiddleware::process() - CORE\src\Http\Middleware\CsrfProtectionMiddleware.php, line 137
Cake\Http\Runner::handle() - CORE\src\Http\Runner.php, line 73
Cake\Http\Runner::run() - CORE\src\Http\Runner.php, line 58
Cake\Routing\Middleware\RoutingMiddleware::process() - CORE\src\Routing\Middleware\RoutingMiddleware.php, line 162
Cake\Http\Runner::handle() - CORE\src\Http\Runner.php, line 73
Cake\Routing\Middleware\AssetMiddleware::process() - CORE\src\Routing\Middleware\AssetMiddleware.php, line 68
Cake\Http\Runner::handle() - CORE\src\Http\Runner.php, line 73
Cake\Error\Middleware\ErrorHandlerMiddleware::process() - CORE\src\Error\Middleware\ErrorHandlerMiddleware.php, line 119
Cake\Http\Runner::handle() - CORE\src\Http\Runner.php, line 73
DebugKit\Middleware\DebugKitMiddleware::process() - ROOT\vendor\cakephp\debug_kit\src\Middleware\DebugKitMiddleware.php, line 60
Cake\Http\Runner::handle() - CORE\src\Http\Runner.php, line 73
Cake\Http\Runner::run() - CORE\src\Http\Runner.php, line 58
Cake\Http\Server::run() - CORE\src\Http\Server.php, line 90
[main] - ROOT\webroot\index.php, line 40



